#
# A fatal error has been detected by the Java Runtime Environment:
#
#  EXCEPTION_ACCESS_VIOLATION (0xc0000005) at pc=0x00007ffc283388ca, pid=13600, tid=8412
#
# JRE version: OpenJDK Runtime Environment OpenLogic-OpenJDK (17.0.9+9) (build 17.0.9+9-adhoc..jdk17u)
# Java VM: OpenJDK 64-Bit Server VM OpenLogic-OpenJDK (17.0.9+9-adhoc..jdk17u, mixed mode, sharing, tiered, compressed oops, compressed class ptrs, g1 gc, windows-amd64)
# Problematic frame:
# V  [jvm.dll+0x5888ca]
#
# No core dump will be written. Minidumps are not enabled by default on client versions of Windows
#
# If you would like to submit a bug report, please visit:
#   https://techsupport.roguewave.com/
#

---------------  S U M M A R Y ------------

Command Line: -XX:MaxMetaspaceSize=512m --add-opens=java.base/java.util=ALL-UNNAMED --add-opens=java.base/java.lang=ALL-UNNAMED --add-opens=java.base/java.lang.invoke=ALL-UNNAMED --add-opens=java.prefs/java.util.prefs=ALL-UNNAMED --add-opens=java.base/java.nio.charset=ALL-UNNAMED --add-opens=java.base/java.net=ALL-UNNAMED --add-opens=java.base/java.util.concurrent.atomic=ALL-UNNAMED -Xmx2048m -Dfile.encoding=windows-1252 -Duser.country=US -Duser.language=en -Duser.variant -javaagent:C:\Users\DELL\.gradle\wrapper\dists\gradle-8.3-all\6en3ugtfdg5xnpx44z4qbwgas\gradle-8.3\lib\agents\gradle-instrumentation-agent-8.3.jar org.gradle.launcher.daemon.bootstrap.GradleDaemon 8.3

Host: Intel(R) Core(TM) i3-2350M CPU @ 2.30GHz, 4 cores, 5G,  Windows 10 , 64 bit Build 19041 (10.0.19041.4597)
Time: Sat Jul 20 05:15:02 2024 Pacific Daylight Time elapsed time: 105.772323 seconds (0d 0h 1m 45s)

---------------  T H R E A D  ---------------

Current thread (0x000001b89df4bb50):  JavaThread "C2 CompilerThread0" daemon [_thread_in_native, id=8412, stack(0x000000a445a00000,0x000000a445b00000)]


Current CompileTask:
C2: 105773 14098   !   4       sun.reflect.annotation.AnnotationParser::parseAnnotation2 (271 bytes)

Stack: [0x000000a445a00000,0x000000a445b00000],  sp=0x000000a445afa9a0,  free space=1002k
Native frames: (J=compiled Java code, j=interpreted, Vv=VM code, C=native code)
V  [jvm.dll+0x5888ca]
V  [jvm.dll+0x587d34]
V  [jvm.dll+0x586817]
V  [jvm.dll+0x5865e4]
V  [jvm.dll+0x585818]
V  [jvm.dll+0x222f62]
V  [jvm.dll+0x21c002]
V  [jvm.dll+0x2198c1]
V  [jvm.dll+0x1a57cd]
V  [jvm.dll+0x2297ae]
V  [jvm.dll+0x22797c]
V  [jvm.dll+0x7e9877]
V  [jvm.dll+0x7e3c3a]
V  [jvm.dll+0x67be35]
C  [ucrtbase.dll+0x21bb2]
C  [KERNEL32.DLL+0x17374]
C  [ntdll.dll+0x4cc91]


siginfo: EXCEPTION_ACCESS_VIOLATION (0xc0000005), reading address 0xffffffffffffffff


Registers:
RAX=0x000001b8bf9b9f20, RBX=0x020001b8c926b818, RCX=0x00000000000013e3, RDX=0x000001b8bf9c3e38
RSP=0x000000a445afa9a0, RBP=0x0000000000000000, RSI=0x000001b8c926c2f0, RDI=0x00000000000013e3
R8 =0x000000000000154f, R9 =0x000001b8c14dacb8, R10=0x00007ffc8a750000, R11=0x000001b8c2c472e0
R12=0x000000a445afb858, R13=0x000001b8c96fb1b0, R14=0x00000000000000a0, R15=0x000000a445afae80
RIP=0x00007ffc283388ca, EFLAGS=0x0000000000010293


Register to memory mapping:

RIP=0x00007ffc283388ca jvm.dll
RAX=0x000001b8bf9b9f20 points into unknown readable memory: 0x0000000000000000 | 00 00 00 00 00 00 00 00
RBX=0x020001b8c926b818 is an unknown value
RCX=0x00000000000013e3 is an unknown value
RDX=0x000001b8bf9c3e38 points into unknown readable memory: 0x020001b8c926b818 | 18 b8 26 c9 b8 01 00 02
RSP=0x000000a445afa9a0 is pointing into the stack for thread: 0x000001b89df4bb50
RBP=0x0 is NULL
RSI=0x000001b8c926c2f0 points into unknown readable memory: 0x00007ffc286c9648 | 48 96 6c 28 fc 7f 00 00
RDI=0x00000000000013e3 is an unknown value
R8 =0x000000000000154f is an unknown value
R9 =0x000001b8c14dacb8 points into unknown readable memory: 0x00007ffc286c27b0 | b0 27 6c 28 fc 7f 00 00
R10=0x00007ffc8a750000 VCRUNTIME140.dll
R11=0x000001b8c2c472e0 points into unknown readable memory: 0x000001b8bf1fb8e0 | e0 b8 1f bf b8 01 00 00
R12=0x000000a445afb858 is pointing into the stack for thread: 0x000001b89df4bb50
R13=0x000001b8c96fb1b0 points into unknown readable memory: 0x00007ffc286c7d48 | 48 7d 6c 28 fc 7f 00 00
R14=0x00000000000000a0 is an unknown value
R15=0x000000a445afae80 is pointing into the stack for thread: 0x000001b89df4bb50


Top of Stack: (sp=0x000000a445afa9a0)
0x000000a445afa9a0:   000001b8c2c472c0 00007ffc00000007
0x000000a445afa9b0:   0000000000000100 000001b8c2c46ec0
0x000000a445afa9c0:   000001b8c31537b8 000001b8c14dacb8
0x000000a445afa9d0:   000001b8bf055150 000001b8c3153830
0x000000a445afa9e0:   000000a445afae80 000001b8c926c2f0
0x000000a445afa9f0:   000000a445afae80 00007ffc28337d34
0x000000a445afaa00:   000001b8000000b9 000000000000154f
0x000000a445afaa10:   000001b8c96fb1b0 000001b8bf1fc1c0
0x000000a445afaa20:   000001b8c14dacb8 0000000000000018
0x000000a445afaa30:   000001b8bf055150 000000a445afab50
0x000000a445afaa40:   000000000000001d 00007ffc28336817
0x000000a445afaa50:   000001b8c14dacb8 000000a445afae80
0x000000a445afaa60:   0000000000000001 000001b8bf1fbbd8
0x000000a445afaa70:   000001b8bf1fc6e8 0000000000000001
0x000000a445afaa80:   000000a445afab70 0000000000000424
0x000000a445afaa90:   000001b8bf1fcba0 00007ffc283365e4
0x000000a445afaaa0:   000000000000001d 000000a445afab50
0x000000a445afaab0:   000000a445afab30 000001b89df22c10
0x000000a445afaac0:   0000000000000000 000001b89df22c40
0x000000a445afaad0:   000001b8bf0551d8 000000a445afac00
0x000000a445afaae0:   0000000000058200 000001b8fd01ed70
0x000000a445afaaf0:   0000000000000001 00007ffc28335818
0x000000a445afab00:   000000a445afae80 000000a445afae80
0x000000a445afab10:   000001b800000018 000000a445afab70
0x000000a445afab20:   0000000000000000 0000000000000000
0x000000a445afab30:   000001b89df445e0 0000000000000800
0x000000a445afab40:   000001b8c8dd3270 000001b800000425
0x000000a445afab50:   0000000000000100 000001b8c9d2b260
0x000000a445afab60:   000001b800000100 000001b89df445e0
0x000000a445afab70:   000001b8c1253870 000001b8c125fdf0
0x000000a445afab80:   000001b8c1253860 000001b89df445e0
0x000000a445afab90:   000001b89df445e0 000001b800000004 

Instructions: (pc=0x00007ffc283388ca)
0x00007ffc283387ca:   48 8d 0d af 66 3b 00 e8 ea f5 cb ff e8 75 42 0f
0x00007ffc283387da:   00 41 8b 45 28 8b c8 49 8b 87 00 0a 00 00 44 8b
0x00007ffc283387ea:   34 88 8b 4c 24 60 e9 4d 05 00 00 0f 83 46 01 00
0x00007ffc283387fa:   00 48 63 7b 28 41 8b 14 24 3b fa 7c 41 41 3b 7c
0x00007ffc2833880a:   24 04 7c 13 8b d7 49 8b cc e8 38 f8 b2 ff 41 8b
0x00007ffc2833881a:   14 24 4c 8b 44 24 68 48 63 ca 48 3b cf 7f 18 0f
0x00007ffc2833882a:   1f 80 00 00 00 00 49 8b 44 24 08 48 89 2c c8 48
0x00007ffc2833883a:   ff c1 48 3b cf 7e ef 8d 57 01 41 89 14 24 49 8b
0x00007ffc2833884a:   44 24 08 4c 39 04 f8 0f 84 ff 04 00 00 48 63 7b
0x00007ffc2833885a:   28 3b fa 7c 4e 41 3b bf dc 09 00 00 7c 1a 8b d7
0x00007ffc2833886a:   49 8d 8f d8 09 00 00 e8 da f7 b2 ff 41 8b 97 d8
0x00007ffc2833887a:   09 00 00 4c 8b 44 24 68 48 63 ca 48 3b cf 7d 19
0x00007ffc2833888a:   66 0f 1f 44 00 00 49 8b 87 e0 09 00 00 48 89 2c
0x00007ffc2833889a:   c8 48 ff c1 48 3b cf 7c ed 8d 47 01 41 89 87 d8
0x00007ffc283388aa:   09 00 00 49 8b 87 e0 09 00 00 4c 89 04 f8 8b 4b
0x00007ffc283388ba:   28 49 8b 87 f8 09 00 00 48 8b 1c c8 48 8d 14 c8
0x00007ffc283388ca:   48 8b 43 08 48 83 38 00 75 26 41 8b 4f 28 8b 43
0x00007ffc283388da:   28 3b c1 73 0a 49 8b 5f 30 48 8b 1c c3 eb 03 48
0x00007ffc283388ea:   8b dd 48 83 e3 fe 48 8b 43 08 48 83 38 00 74 de
0x00007ffc283388fa:   48 89 1a 8b 43 28 41 3b 87 f4 09 00 00 72 27 4c
0x00007ffc2833890a:   8d 0d a2 b2 30 00 ba 5f 04 00 00 4c 8d 05 64 e1
0x00007ffc2833891a:   40 00 48 8d 0d 5d 65 3b 00 e8 98 f4 cb ff e8 23
0x00007ffc2833892a:   41 0f 00 8b 43 28 8b c8 49 8b 87 00 0a 00 00 8b
0x00007ffc2833893a:   0c 88 e9 fd 03 00 00 49 63 7d 28 41 8b 04 24 3b
0x00007ffc2833894a:   f8 7c 3b 41 3b 7c 24 04 7c 13 8b d7 49 8b cc e8
0x00007ffc2833895a:   f2 f6 b2 ff 41 8b 04 24 4c 8b 44 24 68 48 63 c8
0x00007ffc2833896a:   48 3b cf 7d 12 90 49 8b 44 24 08 48 89 2c c8 48
0x00007ffc2833897a:   ff c1 48 3b cf 7c ef 8d 47 01 41 89 04 24 49 8b
0x00007ffc2833898a:   44 24 08 4c 89 04 f8 49 8b 87 f8 09 00 00 41 8b
0x00007ffc2833899a:   4d 28 48 8b 3c c8 4c 8d 04 c8 48 8b 47 08 48 83
0x00007ffc283389aa:   38 00 75 28 41 8b 57 28 8b 47 28 3b c2 73 0c 8b
0x00007ffc283389ba:   c8 49 8b 47 30 48 8b 3c c8 eb 03 48 8b fd 48 83 


Stack slot to memory mapping:
stack at sp + 0 slots: 0x000001b8c2c472c0 points into unknown readable memory: 0x000001b8bf1fce80 | 80 ce 1f bf b8 01 00 00
stack at sp + 1 slots: 0x00007ffc00000007 is an unknown value
stack at sp + 2 slots: 0x0000000000000100 is an unknown value
stack at sp + 3 slots: 0x000001b8c2c46ec0 points into unknown readable memory: 0x0000000000000000 | 00 00 00 00 00 00 00 00
stack at sp + 4 slots: 0x000001b8c31537b8 points into unknown readable memory: 0x000001b8c926c2f0 | f0 c2 26 c9 b8 01 00 00
stack at sp + 5 slots: 0x000001b8c14dacb8 points into unknown readable memory: 0x00007ffc286c27b0 | b0 27 6c 28 fc 7f 00 00
stack at sp + 6 slots: 0x000001b8bf055150 points into unknown readable memory: 0x00007ffc286ef998 | 98 f9 6e 28 fc 7f 00 00
stack at sp + 7 slots: 0x000001b8c3153830 points into unknown readable memory: 0x0000000000000000 | 00 00 00 00 00 00 00 00


---------------  P R O C E S S  ---------------

Threads class SMR info:
_java_thread_list=0x000001b8c101f490, length=78, elements={
0x000001b8fcff7f80, 0x000001b89df2e860, 0x000001b89df31da0, 0x000001b89df46050,
0x000001b89df48cf0, 0x000001b89df4a5d0, 0x000001b89df4aea0, 0x000001b89df4bb50,
0x000001b89df4ccb0, 0x000001b89df50160, 0x000001b89df1cfd0, 0x000001b8bd1e79c0,
0x000001b8bee837b0, 0x000001b8bf6eb570, 0x000001b8be1b5c00, 0x000001b8bea0e570,
0x000001b8bea0ea50, 0x000001b8bd2fccd0, 0x000001b8bd300480, 0x000001b8bd2fd6f0,
0x000001b8bd2ffa60, 0x000001b8bd2fd1e0, 0x000001b8bd2fe110, 0x000001b8bd2fe620,
0x000001b8bd2fff70, 0x000001b8bf1dd360, 0x000001b8bf1e00f0, 0x000001b8bf1e2e80,
0x000001b8bf1e1a40, 0x000001b8bf1e0b10, 0x000001b8bf1dc430, 0x000001b8bf1e3db0,
0x000001b8bf1df1c0, 0x000001b8bf1e0600, 0x000001b8bf1e1530, 0x000001b8bf1ddd80,
0x000001b8bf1dce50, 0x000001b8bf1de290, 0x000001b8bf1e2460, 0x000001b8bf1e1f50,
0x000001b8bf1decb0, 0x000001b8bd2feb30, 0x000001b8beb30bf0, 0x000001b8beb35cf0,
0x000001b8beb38570, 0x000001b8beb33470, 0x000001b8beb32540, 0x000001b8beb33980,
0x000001b8beb343a0, 0x000001b8beb33e90, 0x000001b8beb32030, 0x000001b8beb34dc0,
0x000001b8beb31100, 0x000001b8beb348b0, 0x000001b8beb37b50, 0x000001b8beb357e0,
0x000001b8beb36c20, 0x000001b8beb37130, 0x000001b8beb38060, 0x000001b8c11904f0,
0x000001b8c1190f10, 0x000001b8c118fad0, 0x000001b8c118e180, 0x000001b8c1191420,
0x000001b8c1191930, 0x000001b8c118c320, 0x000001b8c1190a00, 0x000001b8c118aee0,
0x000001b8c118b3f0, 0x000001b8c1192860, 0x000001b8c118e690, 0x000001b8c118f0b0,
0x000001b8c118cd40, 0x000001b8c118dc70, 0x000001b8c118eba0, 0x000001b8beb32a50,
0x000001b8bf2e4440, 0x000001b8c1bcb5b0
}

Java Threads: ( => current thread )
  0x000001b8fcff7f80 JavaThread "main" [_thread_blocked, id=6740, stack(0x000000a444d00000,0x000000a444e00000)]
  0x000001b89df2e860 JavaThread "Reference Handler" daemon [_thread_blocked, id=2156, stack(0x000000a445400000,0x000000a445500000)]
  0x000001b89df31da0 JavaThread "Finalizer" daemon [_thread_blocked, id=9644, stack(0x000000a445500000,0x000000a445600000)]
  0x000001b89df46050 JavaThread "Signal Dispatcher" daemon [_thread_blocked, id=2944, stack(0x000000a445600000,0x000000a445700000)]
  0x000001b89df48cf0 JavaThread "Attach Listener" daemon [_thread_blocked, id=11996, stack(0x000000a445700000,0x000000a445800000)]
  0x000001b89df4a5d0 JavaThread "Service Thread" daemon [_thread_blocked, id=12508, stack(0x000000a445800000,0x000000a445900000)]
  0x000001b89df4aea0 JavaThread "Monitor Deflation Thread" daemon [_thread_blocked, id=964, stack(0x000000a445900000,0x000000a445a00000)]
=>0x000001b89df4bb50 JavaThread "C2 CompilerThread0" daemon [_thread_in_native, id=8412, stack(0x000000a445a00000,0x000000a445b00000)]
  0x000001b89df4ccb0 JavaThread "C1 CompilerThread0" daemon [_thread_blocked, id=12800, stack(0x000000a445b00000,0x000000a445c00000)]
  0x000001b89df50160 JavaThread "Sweeper thread" daemon [_thread_blocked, id=9428, stack(0x000000a445c00000,0x000000a445d00000)]
  0x000001b89df1cfd0 JavaThread "Common-Cleaner" daemon [_thread_blocked, id=11484, stack(0x000000a445d00000,0x000000a445e00000)]
  0x000001b8bd1e79c0 JavaThread "Notification Thread" daemon [_thread_blocked, id=15180, stack(0x000000a445e00000,0x000000a445f00000)]
  0x000001b8bee837b0 JavaThread "Daemon health stats" [_thread_blocked, id=4452, stack(0x000000a446400000,0x000000a446500000)]
  0x000001b8bf6eb570 JavaThread "Incoming local TCP Connector on port 62995" [_thread_in_native, id=13672, stack(0x000000a446300000,0x000000a446400000)]
  0x000001b8be1b5c00 JavaThread "Daemon periodic checks" [_thread_blocked, id=14236, stack(0x000000a446500000,0x000000a446600000)]
  0x000001b8bea0e570 JavaThread "Daemon" [_thread_blocked, id=12484, stack(0x000000a446600000,0x000000a446700000)]
  0x000001b8bea0ea50 JavaThread "Handler for socket connection from /127.0.0.1:62995 to /127.0.0.1:62996" [_thread_in_native, id=12464, stack(0x000000a446700000,0x000000a446800000)]
  0x000001b8bd2fccd0 JavaThread "Cancel handler" [_thread_blocked, id=14420, stack(0x000000a446800000,0x000000a446900000)]
  0x000001b8bd300480 JavaThread "Daemon worker" [_thread_in_vm, id=12936, stack(0x000000a446900000,0x000000a446a00000)]
  0x000001b8bd2fd6f0 JavaThread "Asynchronous log dispatcher for DefaultDaemonConnection: socket connection from /127.0.0.1:62995 to /127.0.0.1:62996" [_thread_blocked, id=2796, stack(0x000000a446a00000,0x000000a446b00000)]
  0x000001b8bd2ffa60 JavaThread "Stdin handler" [_thread_blocked, id=1104, stack(0x000000a446b00000,0x000000a446c00000)]
  0x000001b8bd2fd1e0 JavaThread "Daemon client event forwarder" [_thread_blocked, id=7408, stack(0x000000a446c00000,0x000000a446d00000)]
  0x000001b8bd2fe110 JavaThread "Cache worker for journal cache (C:\Users\DELL\.gradle\caches\journal-1)" [_thread_blocked, id=7632, stack(0x000000a446d00000,0x000000a446e00000)]
  0x000001b8bd2fe620 JavaThread "File lock request listener" [_thread_in_native, id=5436, stack(0x000000a446e00000,0x000000a446f00000)]
  0x000001b8bd2fff70 JavaThread "Cache worker for file hash cache (C:\Users\DELL\.gradle\caches\8.3\fileHashes)" [_thread_blocked, id=11932, stack(0x000000a446f00000,0x000000a447000000)]
  0x000001b8bf1dd360 JavaThread "File watcher server" daemon [_thread_in_native, id=6828, stack(0x000000a447000000,0x000000a447100000)]
  0x000001b8bf1e00f0 JavaThread "File watcher consumer" daemon [_thread_blocked, id=6116, stack(0x000000a447100000,0x000000a447200000)]
  0x000001b8bf1e2e80 JavaThread "Cache worker for checksums cache (C:\Users\DELL\Desktop\New folder (6)\AwesomeProject\android\.gradle\8.3\checksums)" [_thread_blocked, id=13596, stack(0x000000a447200000,0x000000a447300000)]
  0x000001b8bf1e1a40 JavaThread "Cache worker for file hash cache (C:\Users\DELL\Desktop\New folder (6)\AwesomeProject\android\.gradle\8.3\fileHashes)" [_thread_blocked, id=12120, stack(0x000000a447300000,0x000000a447400000)]
  0x000001b8bf1e0b10 JavaThread "Cache worker for cache directory md-supplier (C:\Users\DELL\.gradle\caches\8.3\md-supplier)" [_thread_blocked, id=5400, stack(0x000000a447500000,0x000000a447600000)]
  0x000001b8bf1dc430 JavaThread "Cache worker for file content cache (C:\Users\DELL\.gradle\caches\8.3\fileContent)" [_thread_blocked, id=2976, stack(0x000000a447600000,0x000000a447700000)]
  0x000001b8bf1e3db0 JavaThread "Cache worker for cache directory md-rule (C:\Users\DELL\.gradle\caches\8.3\md-rule)" [_thread_blocked, id=11744, stack(0x000000a447700000,0x000000a447800000)]
  0x000001b8bf1df1c0 JavaThread "Cache worker for execution history cache (C:\Users\DELL\.gradle\caches\8.3\executionHistory)" [_thread_blocked, id=8988, stack(0x000000a447400000,0x000000a447500000)]
  0x000001b8bf1e0600 JavaThread "jar transforms" [_thread_blocked, id=6772, stack(0x000000a447900000,0x000000a447a00000)]
  0x000001b8bf1e1530 JavaThread "jar transforms Thread 2" [_thread_blocked, id=10160, stack(0x000000a447a00000,0x000000a447b00000)]
  0x000001b8bf1ddd80 JavaThread "jar transforms Thread 3" [_thread_blocked, id=4564, stack(0x000000a447b00000,0x000000a447c00000)]
  0x000001b8bf1dce50 JavaThread "jar transforms Thread 4" [_thread_blocked, id=13848, stack(0x000000a447c00000,0x000000a447d00000)]
  0x000001b8bf1de290 JavaThread "Exec process" [_thread_blocked, id=1856, stack(0x000000a447d00000,0x000000a447e00000)]
  0x000001b8bf1e2460 JavaThread "Exec process Thread 2" [_thread_blocked, id=7784, stack(0x000000a447e00000,0x000000a447f00000)]
  0x000001b8bf1e1f50 JavaThread "Exec process Thread 3" [_thread_blocked, id=14996, stack(0x000000a447f00000,0x000000a448000000)]
  0x000001b8bf1decb0 JavaThread "Cache worker for kotlin-dsl (C:\Users\DELL\.gradle\caches\8.3\kotlin-dsl)" [_thread_blocked, id=11416, stack(0x000000a448000000,0x000000a448100000)]
  0x000001b8bd2feb30 JavaThread "Unconstrained build operations" [_thread_blocked, id=11920, stack(0x000000a447800000,0x000000a447900000)]
  0x000001b8beb30bf0 JavaThread "Unconstrained build operations Thread 2" [_thread_blocked, id=9404, stack(0x000000a448400000,0x000000a448500000)]
  0x000001b8beb35cf0 JavaThread "Cache worker for dependencies-accessors (C:\Users\DELL\Desktop\New folder (6)\AwesomeProject\android\.gradle\8.3\dependencies-accessors)" [_thread_blocked, id=4500, stack(0x000000a448500000,0x000000a448600000)]
  0x000001b8beb38570 JavaThread "Cache worker for Build Output Cleanup Cache (C:\Users\DELL\Desktop\New folder (6)\AwesomeProject\node_modules\@react-native\gradle-plugin\.gradle\buildOutputCleanup)" [_thread_blocked, id=9352, stack(0x000000a448600000,0x000000a448700000)]
  0x000001b8beb33470 JavaThread "Unconstrained build operations Thread 3" [_thread_blocked, id=7620, stack(0x000000a448800000,0x000000a448900000)]
  0x000001b8beb32540 JavaThread "Unconstrained build operations Thread 4" [_thread_blocked, id=14600, stack(0x000000a448900000,0x000000a448a00000)]
  0x000001b8beb33980 JavaThread "Unconstrained build operations Thread 5" [_thread_blocked, id=7132, stack(0x000000a448a00000,0x000000a448b00000)]
  0x000001b8beb343a0 JavaThread "build event listener" [_thread_blocked, id=8680, stack(0x000000a448700000,0x000000a448800000)]
  0x000001b8beb33e90 JavaThread "Memory manager" [_thread_blocked, id=5848, stack(0x000000a448b00000,0x000000a448c00000)]
  0x000001b8beb32030 JavaThread "Cache worker for Build Output Cleanup Cache (C:\Users\DELL\Desktop\New folder (6)\AwesomeProject\android\.gradle\buildOutputCleanup)" [_thread_blocked, id=12664, stack(0x000000a448d00000,0x000000a448e00000)]
  0x000001b8beb34dc0 JavaThread "ForkJoinPool.commonPool-worker-1" daemon [_thread_blocked, id=4492, stack(0x000000a444b00000,0x000000a444c00000)]
  0x000001b8beb31100 JavaThread "ForkJoinPool.commonPool-worker-2" daemon [_thread_blocked, id=7788, stack(0x000000a444c00000,0x000000a444d00000)]
  0x000001b8beb348b0 JavaThread "ForkJoinPool.commonPool-worker-3" daemon [_thread_blocked, id=11712, stack(0x000000a448e00000,0x000000a448f00000)]
  0x000001b8beb37b50 JavaThread "included builds" [_thread_blocked, id=11660, stack(0x000000a448f00000,0x000000a449000000)]
  0x000001b8beb357e0 JavaThread "Execution worker" [_thread_blocked, id=13900, stack(0x000000a449000000,0x000000a449100000)]
  0x000001b8beb36c20 JavaThread "Execution worker Thread 2" [_thread_blocked, id=14416, stack(0x000000a449100000,0x000000a449200000)]
  0x000001b8beb37130 JavaThread "Execution worker Thread 3" [_thread_blocked, id=13124, stack(0x000000a449200000,0x000000a449300000)]
  0x000001b8beb38060 JavaThread "Cache worker for execution history cache (C:\Users\DELL\Desktop\New folder (6)\AwesomeProject\node_modules\@react-native\gradle-plugin\.gradle\8.3\executionHistory)" [_thread_blocked, id=6696, stack(0x000000a448c00000,0x000000a448d00000)]
  0x000001b8c11904f0 JavaThread "Unconstrained build operations Thread 6" [_thread_blocked, id=9304, stack(0x000000a449300000,0x000000a449400000)]
  0x000001b8c1190f10 JavaThread "Unconstrained build operations Thread 7" [_thread_blocked, id=13536, stack(0x000000a449400000,0x000000a449500000)]
  0x000001b8c118fad0 JavaThread "Unconstrained build operations Thread 8" [_thread_blocked, id=3608, stack(0x000000a449500000,0x000000a449600000)]
  0x000001b8c118e180 JavaThread "Unconstrained build operations Thread 9" [_thread_blocked, id=2912, stack(0x000000a449600000,0x000000a449700000)]
  0x000001b8c1191420 JavaThread "Unconstrained build operations Thread 10" [_thread_blocked, id=15004, stack(0x000000a449700000,0x000000a449800000)]
  0x000001b8c1191930 JavaThread "Unconstrained build operations Thread 11" [_thread_blocked, id=9276, stack(0x000000a449800000,0x000000a449900000)]
  0x000001b8c118c320 JavaThread "Unconstrained build operations Thread 12" [_thread_blocked, id=6540, stack(0x000000a449a00000,0x000000a449b00000)]
  0x000001b8c1190a00 JavaThread "Unconstrained build operations Thread 13" [_thread_blocked, id=14668, stack(0x000000a449b00000,0x000000a449c00000)]
  0x000001b8c118aee0 JavaThread "Unconstrained build operations Thread 14" [_thread_blocked, id=15196, stack(0x000000a449c00000,0x000000a449d00000)]
  0x000001b8c118b3f0 JavaThread "Unconstrained build operations Thread 15" [_thread_blocked, id=13716, stack(0x000000a449d00000,0x000000a449e00000)]
  0x000001b8c1192860 JavaThread "Unconstrained build operations Thread 16" [_thread_blocked, id=9284, stack(0x000000a449e00000,0x000000a449f00000)]
  0x000001b8c118e690 JavaThread "build event listener" [_thread_blocked, id=2076, stack(0x000000a449f00000,0x000000a44a000000)]
  0x000001b8c118f0b0 JavaThread "Unconstrained build operations Thread 17" [_thread_blocked, id=15016, stack(0x000000a44a000000,0x000000a44a100000)]
  0x000001b8c118cd40 JavaThread "Unconstrained build operations Thread 18" [_thread_blocked, id=7528, stack(0x000000a44a100000,0x000000a44a200000)]
  0x000001b8c118dc70 JavaThread "Unconstrained build operations Thread 19" [_thread_blocked, id=4136, stack(0x000000a44a200000,0x000000a44a300000)]
  0x000001b8c118eba0 JavaThread "Unconstrained build operations Thread 20" [_thread_blocked, id=15052, stack(0x000000a44a300000,0x000000a44a400000)]
  0x000001b8beb32a50 JavaThread "Unconstrained build operations Thread 21" [_thread_blocked, id=6196, stack(0x000000a44a400000,0x000000a44a500000)]
  0x000001b8bf2e4440 JavaThread "Unconstrained build operations Thread 22" [_thread_blocked, id=4632, stack(0x000000a44a500000,0x000000a44a600000)]
  0x000001b8c1bcb5b0 JavaThread "C2 CompilerThread1" daemon [_thread_in_native, id=972, stack(0x000000a449900000,0x000000a449a00000)]

Other Threads:
  0x000001b89df2a180 VMThread "VM Thread" [stack: 0x000000a445300000,0x000000a445400000] [id=13100]
  0x000001b8fd008bc0 WatcherThread [stack: 0x000000a445f00000,0x000000a446000000] [id=3264]
  0x000001b8fceee800 GCTaskThread "GC Thread#0" [stack: 0x000000a444e00000,0x000000a444f00000] [id=13084]
  0x000001b8bd575530 GCTaskThread "GC Thread#1" [stack: 0x000000a446000000,0x000000a446100000] [id=11680]
  0x000001b8bd662ae0 GCTaskThread "GC Thread#2" [stack: 0x000000a446100000,0x000000a446200000] [id=32]
  0x000001b8bd677750 GCTaskThread "GC Thread#3" [stack: 0x000000a446200000,0x000000a446300000] [id=11068]
  0x000001b8fd0716b0 ConcurrentGCThread "G1 Main Marker" [stack: 0x000000a444f00000,0x000000a445000000] [id=13420]
  0x000001b8fd071fe0 ConcurrentGCThread "G1 Conc#0" [stack: 0x000000a445000000,0x000000a445100000] [id=13592]
  0x000001b8fd0b3420 ConcurrentGCThread "G1 Refine#0" [stack: 0x000000a445100000,0x000000a445200000] [id=9872]
  0x000001b8fd0b3d60 ConcurrentGCThread "G1 Service" [stack: 0x000000a445200000,0x000000a445300000] [id=9760]

Threads with active compile tasks:
C2 CompilerThread0   106431 14098   !   4       sun.reflect.annotation.AnnotationParser::parseAnnotation2 (271 bytes)
C2 CompilerThread1   106431 14131       4       org.codehaus.groovy.reflection.stdclasses.CachedSAMClass::getAbstractMethods (122 bytes)

VM state: not at safepoint (normal execution)

VM Mutex/Monitor currently owned by a thread: None

Heap address: 0x0000000080000000, size: 2048 MB, Compressed Oops mode: 32-bit

CDS archive(s) mapped at: [0x000001b89e000000-0x000001b89ebb0000-0x000001b89ebb0000), size 12255232, SharedBaseAddress: 0x000001b89e000000, ArchiveRelocationMode: 1.
Compressed class space mapped at: 0x000001b89f000000-0x000001b8b9000000, reserved size: 436207616
Narrow klass base: 0x000001b89e000000, Narrow klass shift: 0, Narrow klass range: 0x100000000

GC Precious Log:
 CPUs: 4 total, 4 available
 Memory: 6052M
 Large Page Support: Disabled
 NUMA Support: Disabled
 Compressed Oops: Enabled (32-bit)
 Heap Region Size: 1M
 Heap Min Capacity: 8M
 Heap Initial Capacity: 96M
 Heap Max Capacity: 2G
 Pre-touch: Disabled
 Parallel Workers: 4
 Concurrent Workers: 1
 Concurrent Refinement Workers: 4
 Periodic GC: Disabled

Heap:
 garbage-first heap   total 193536K, used 154776K [0x0000000080000000, 0x0000000100000000)
  region size 1024K, 12 young (12288K), 3 survivors (3072K)
 Metaspace       used 114288K, committed 115264K, reserved 557056K
  class space    used 15860K, committed 16320K, reserved 425984K

Heap Regions: E=young(eden), S=young(survivor), O=old, HS=humongous(starts), HC=humongous(continues), CS=collection set, F=free, OA=open archive, CA=closed archive, TAMS=top-at-mark-start (previous, next)
|   0|0x0000000080000000, 0x0000000080100000, 0x0000000080100000|100%| O|  |TAMS 0x0000000080100000, 0x0000000080000000| Untracked 
|   1|0x0000000080100000, 0x0000000080200000, 0x0000000080200000|100%| O|  |TAMS 0x0000000080200000, 0x0000000080100000| Untracked 
|   2|0x0000000080200000, 0x0000000080300000, 0x0000000080300000|100%|HS|  |TAMS 0x0000000080300000, 0x0000000080200000| Complete 
|   3|0x0000000080300000, 0x0000000080400000, 0x0000000080400000|100%|HC|  |TAMS 0x0000000080400000, 0x0000000080300000| Complete 
|   4|0x0000000080400000, 0x0000000080500000, 0x0000000080500000|100%|HC|  |TAMS 0x0000000080500000, 0x0000000080400000| Complete 
|   5|0x0000000080500000, 0x0000000080600000, 0x0000000080600000|100%|HC|  |TAMS 0x0000000080600000, 0x0000000080500000| Complete 
|   6|0x0000000080600000, 0x0000000080700000, 0x0000000080700000|100%| O|  |TAMS 0x0000000080700000, 0x0000000080600000| Untracked 
|   7|0x0000000080700000, 0x0000000080800000, 0x0000000080800000|100%| O|  |TAMS 0x0000000080800000, 0x0000000080700000| Untracked 
|   8|0x0000000080800000, 0x0000000080900000, 0x0000000080900000|100%| O|  |TAMS 0x0000000080900000, 0x0000000080800000| Untracked 
|   9|0x0000000080900000, 0x0000000080a00000, 0x0000000080a00000|100%| O|  |TAMS 0x0000000080a00000, 0x0000000080900000| Untracked 
|  10|0x0000000080a00000, 0x0000000080b00000, 0x0000000080b00000|100%| O|  |TAMS 0x0000000080b00000, 0x0000000080a00000| Untracked 
|  11|0x0000000080b00000, 0x0000000080c00000, 0x0000000080c00000|100%| O|  |TAMS 0x0000000080c00000, 0x0000000080b00000| Untracked 
|  12|0x0000000080c00000, 0x0000000080d00000, 0x0000000080d00000|100%| O|  |TAMS 0x0000000080d00000, 0x0000000080c00000| Untracked 
|  13|0x0000000080d00000, 0x0000000080e00000, 0x0000000080e00000|100%| O|  |TAMS 0x0000000080e00000, 0x0000000080d00000| Untracked 
|  14|0x0000000080e00000, 0x0000000080f00000, 0x0000000080f00000|100%| O|  |TAMS 0x0000000080f00000, 0x0000000080e00000| Untracked 
|  15|0x0000000080f00000, 0x0000000081000000, 0x0000000081000000|100%| O|  |TAMS 0x0000000081000000, 0x0000000080f00000| Untracked 
|  16|0x0000000081000000, 0x0000000081100000, 0x0000000081100000|100%| O|  |TAMS 0x0000000081100000, 0x0000000081000000| Untracked 
|  17|0x0000000081100000, 0x0000000081200000, 0x0000000081200000|100%| O|  |TAMS 0x0000000081200000, 0x0000000081100000| Untracked 
|  18|0x0000000081200000, 0x00000000812ce000, 0x0000000081300000| 80%| O|  |TAMS 0x00000000812ce000, 0x0000000081200000| Untracked 
|  19|0x0000000081300000, 0x0000000081400000, 0x0000000081400000|100%| O|  |TAMS 0x0000000081400000, 0x0000000081300000| Untracked 
|  20|0x0000000081400000, 0x0000000081500000, 0x0000000081500000|100%| O|  |TAMS 0x0000000081500000, 0x0000000081400000| Untracked 
|  21|0x0000000081500000, 0x0000000081600000, 0x0000000081600000|100%| O|  |TAMS 0x0000000081600000, 0x0000000081500000| Untracked 
|  22|0x0000000081600000, 0x0000000081700000, 0x0000000081700000|100%| O|  |TAMS 0x0000000081700000, 0x0000000081600000| Untracked 
|  23|0x0000000081700000, 0x0000000081800000, 0x0000000081800000|100%| O|  |TAMS 0x0000000081800000, 0x0000000081700000| Untracked 
|  24|0x0000000081800000, 0x0000000081900000, 0x0000000081900000|100%| O|  |TAMS 0x0000000081900000, 0x0000000081800000| Untracked 
|  25|0x0000000081900000, 0x0000000081a00000, 0x0000000081a00000|100%| O|  |TAMS 0x0000000081a00000, 0x0000000081900000| Untracked 
|  26|0x0000000081a00000, 0x0000000081b00000, 0x0000000081b00000|100%| O|  |TAMS 0x0000000081b00000, 0x0000000081a00000| Untracked 
|  27|0x0000000081b00000, 0x0000000081c00000, 0x0000000081c00000|100%| O|  |TAMS 0x0000000081c00000, 0x0000000081b00000| Untracked 
|  28|0x0000000081c00000, 0x0000000081d00000, 0x0000000081d00000|100%| O|  |TAMS 0x0000000081d00000, 0x0000000081c00000| Untracked 
|  29|0x0000000081d00000, 0x0000000081e00000, 0x0000000081e00000|100%| O|  |TAMS 0x0000000081e00000, 0x0000000081d00000| Untracked 
|  30|0x0000000081e00000, 0x0000000081f00000, 0x0000000081f00000|100%| O|  |TAMS 0x0000000081f00000, 0x0000000081e00000| Untracked 
|  31|0x0000000081f00000, 0x0000000082000000, 0x0000000082000000|100%| O|  |TAMS 0x0000000082000000, 0x0000000081f00000| Untracked 
|  32|0x0000000082000000, 0x0000000082100000, 0x0000000082100000|100%| O|  |TAMS 0x0000000082100000, 0x0000000082000000| Untracked 
|  33|0x0000000082100000, 0x0000000082200000, 0x0000000082200000|100%|HS|  |TAMS 0x0000000082100000, 0x0000000082100000| Complete 
|  34|0x0000000082200000, 0x0000000082300000, 0x0000000082300000|100%| O|  |TAMS 0x0000000082300000, 0x0000000082200000| Untracked 
|  35|0x0000000082300000, 0x0000000082400000, 0x0000000082400000|100%| O|  |TAMS 0x0000000082400000, 0x0000000082300000| Untracked 
|  36|0x0000000082400000, 0x0000000082500000, 0x0000000082500000|100%| O|  |TAMS 0x0000000082500000, 0x0000000082400000| Untracked 
|  37|0x0000000082500000, 0x0000000082600000, 0x0000000082600000|100%| O|  |TAMS 0x0000000082600000, 0x0000000082500000| Untracked 
|  38|0x0000000082600000, 0x0000000082700000, 0x0000000082700000|100%| O|  |TAMS 0x0000000082700000, 0x0000000082600000| Untracked 
|  39|0x0000000082700000, 0x0000000082800000, 0x0000000082800000|100%| O|  |TAMS 0x0000000082800000, 0x0000000082700000| Untracked 
|  40|0x0000000082800000, 0x0000000082900000, 0x0000000082900000|100%| O|  |TAMS 0x0000000082900000, 0x0000000082800000| Untracked 
|  41|0x0000000082900000, 0x0000000082a00000, 0x0000000082a00000|100%| O|  |TAMS 0x0000000082a00000, 0x0000000082900000| Untracked 
|  42|0x0000000082a00000, 0x0000000082b00000, 0x0000000082b00000|100%| O|  |TAMS 0x0000000082b00000, 0x0000000082a00000| Untracked 
|  43|0x0000000082b00000, 0x0000000082c00000, 0x0000000082c00000|100%| O|  |TAMS 0x0000000082b00000, 0x0000000082b00000| Untracked 
|  44|0x0000000082c00000, 0x0000000082d00000, 0x0000000082d00000|100%| O|  |TAMS 0x0000000082d00000, 0x0000000082c00000| Untracked 
|  45|0x0000000082d00000, 0x0000000082e00000, 0x0000000082e00000|100%| O|  |TAMS 0x0000000082e00000, 0x0000000082d00000| Untracked 
|  46|0x0000000082e00000, 0x0000000082f00000, 0x0000000082f00000|100%| O|  |TAMS 0x0000000082e00000, 0x0000000082e00000| Untracked 
|  47|0x0000000082f00000, 0x0000000083000000, 0x0000000083000000|100%|HS|  |TAMS 0x0000000083000000, 0x0000000082f00000| Complete 
|  48|0x0000000083000000, 0x0000000083100000, 0x0000000083100000|100%|HC|  |TAMS 0x0000000083100000, 0x0000000083000000| Complete 
|  49|0x0000000083100000, 0x0000000083200000, 0x0000000083200000|100%|HS|  |TAMS 0x0000000083200000, 0x0000000083100000| Complete 
|  50|0x0000000083200000, 0x0000000083300000, 0x0000000083300000|100%|HC|  |TAMS 0x0000000083300000, 0x0000000083200000| Complete 
|  51|0x0000000083300000, 0x0000000083400000, 0x0000000083400000|100%| O|  |TAMS 0x0000000083400000, 0x0000000083300000| Untracked 
|  52|0x0000000083400000, 0x0000000083500000, 0x0000000083500000|100%| O|  |TAMS 0x0000000083500000, 0x0000000083400000| Untracked 
|  53|0x0000000083500000, 0x0000000083600000, 0x0000000083600000|100%| O|  |TAMS 0x0000000083600000, 0x0000000083500000| Untracked 
|  54|0x0000000083600000, 0x0000000083700000, 0x0000000083700000|100%| O|  |TAMS 0x0000000083700000, 0x0000000083600000| Untracked 
|  55|0x0000000083700000, 0x0000000083800000, 0x0000000083800000|100%|HS|  |TAMS 0x0000000083800000, 0x0000000083700000| Complete 
|  56|0x0000000083800000, 0x0000000083900000, 0x0000000083900000|100%|HC|  |TAMS 0x0000000083900000, 0x0000000083800000| Complete 
|  57|0x0000000083900000, 0x0000000083a00000, 0x0000000083a00000|100%|HC|  |TAMS 0x0000000083a00000, 0x0000000083900000| Complete 
|  58|0x0000000083a00000, 0x0000000083b00000, 0x0000000083b00000|100%|HC|  |TAMS 0x0000000083b00000, 0x0000000083a00000| Complete 
|  59|0x0000000083b00000, 0x0000000083c00000, 0x0000000083c00000|100%|HS|  |TAMS 0x0000000083c00000, 0x0000000083b00000| Complete 
|  60|0x0000000083c00000, 0x0000000083d00000, 0x0000000083d00000|100%|HC|  |TAMS 0x0000000083d00000, 0x0000000083c00000| Complete 
|  61|0x0000000083d00000, 0x0000000083e00000, 0x0000000083e00000|100%|HC|  |TAMS 0x0000000083e00000, 0x0000000083d00000| Complete 
|  62|0x0000000083e00000, 0x0000000083f00000, 0x0000000083f00000|100%|HC|  |TAMS 0x0000000083f00000, 0x0000000083e00000| Complete 
|  63|0x0000000083f00000, 0x0000000084000000, 0x0000000084000000|100%| O|  |TAMS 0x0000000084000000, 0x0000000083f00000| Untracked 
|  64|0x0000000084000000, 0x0000000084100000, 0x0000000084100000|100%| O|  |TAMS 0x0000000084100000, 0x0000000084000000| Untracked 
|  65|0x0000000084100000, 0x0000000084200000, 0x0000000084200000|100%| O|  |TAMS 0x00000000841b1600, 0x0000000084100000| Untracked 
|  66|0x0000000084200000, 0x0000000084300000, 0x0000000084300000|100%| O|  |TAMS 0x0000000084200000, 0x0000000084200000| Untracked 
|  67|0x0000000084300000, 0x0000000084400000, 0x0000000084400000|100%| O|  |TAMS 0x0000000084300000, 0x0000000084300000| Untracked 
|  68|0x0000000084400000, 0x0000000084500000, 0x0000000084500000|100%| O|  |TAMS 0x0000000084400000, 0x0000000084400000| Untracked 
|  69|0x0000000084500000, 0x0000000084600000, 0x0000000084600000|100%|HS|  |TAMS 0x0000000084500000, 0x0000000084500000| Complete 
|  70|0x0000000084600000, 0x0000000084700000, 0x0000000084700000|100%|HS|  |TAMS 0x0000000084600000, 0x0000000084600000| Complete 
|  71|0x0000000084700000, 0x0000000084800000, 0x0000000084800000|100%| O|  |TAMS 0x0000000084700000, 0x0000000084700000| Untracked 
|  72|0x0000000084800000, 0x0000000084900000, 0x0000000084900000|100%|HS|  |TAMS 0x0000000084800000, 0x0000000084800000| Complete 
|  73|0x0000000084900000, 0x0000000084a00000, 0x0000000084a00000|100%|HS|  |TAMS 0x0000000084900000, 0x0000000084900000| Complete 
|  74|0x0000000084a00000, 0x0000000084b00000, 0x0000000084b00000|100%| O|  |TAMS 0x0000000084a00000, 0x0000000084a00000| Untracked 
|  75|0x0000000084b00000, 0x0000000084c00000, 0x0000000084c00000|100%| O|  |TAMS 0x0000000084b00000, 0x0000000084b00000| Untracked 
|  76|0x0000000084c00000, 0x0000000084d00000, 0x0000000084d00000|100%| O|  |TAMS 0x0000000084c00000, 0x0000000084c00000| Untracked 
|  77|0x0000000084d00000, 0x0000000084e00000, 0x0000000084e00000|100%| O|  |TAMS 0x0000000084d00000, 0x0000000084d00000| Untracked 
|  78|0x0000000084e00000, 0x0000000084f00000, 0x0000000084f00000|100%| O|  |TAMS 0x0000000084e00000, 0x0000000084e00000| Untracked 
|  79|0x0000000084f00000, 0x0000000085000000, 0x0000000085000000|100%| O|  |TAMS 0x0000000084f00000, 0x0000000084f00000| Untracked 
|  80|0x0000000085000000, 0x0000000085100000, 0x0000000085100000|100%| O|  |TAMS 0x0000000085000000, 0x0000000085000000| Untracked 
|  81|0x0000000085100000, 0x0000000085200000, 0x0000000085200000|100%| O|  |TAMS 0x0000000085100000, 0x0000000085100000| Untracked 
|  82|0x0000000085200000, 0x0000000085300000, 0x0000000085300000|100%| O|  |TAMS 0x0000000085200000, 0x0000000085200000| Untracked 
|  83|0x0000000085300000, 0x0000000085400000, 0x0000000085400000|100%| O|  |TAMS 0x0000000085300000, 0x0000000085300000| Untracked 
|  84|0x0000000085400000, 0x0000000085500000, 0x0000000085500000|100%| O|  |TAMS 0x0000000085400000, 0x0000000085400000| Untracked 
|  85|0x0000000085500000, 0x0000000085600000, 0x0000000085600000|100%| O|  |TAMS 0x0000000085500000, 0x0000000085500000| Untracked 
|  86|0x0000000085600000, 0x0000000085700000, 0x0000000085700000|100%| O|  |TAMS 0x0000000085600000, 0x0000000085600000| Untracked 
|  87|0x0000000085700000, 0x0000000085800000, 0x0000000085800000|100%| O|  |TAMS 0x0000000085700000, 0x0000000085700000| Untracked 
|  88|0x0000000085800000, 0x0000000085900000, 0x0000000085900000|100%| O|  |TAMS 0x0000000085800000, 0x0000000085800000| Untracked 
|  89|0x0000000085900000, 0x0000000085a00000, 0x0000000085a00000|100%| O|  |TAMS 0x0000000085900000, 0x0000000085900000| Untracked 
|  90|0x0000000085a00000, 0x0000000085b00000, 0x0000000085b00000|100%| O|  |TAMS 0x0000000085a00000, 0x0000000085a00000| Untracked 
|  91|0x0000000085b00000, 0x0000000085c00000, 0x0000000085c00000|100%| O|  |TAMS 0x0000000085b00000, 0x0000000085b00000| Untracked 
|  92|0x0000000085c00000, 0x0000000085d00000, 0x0000000085d00000|100%| O|  |TAMS 0x0000000085c00000, 0x0000000085c00000| Untracked 
|  93|0x0000000085d00000, 0x0000000085e00000, 0x0000000085e00000|100%| O|  |TAMS 0x0000000085d00000, 0x0000000085d00000| Untracked 
|  94|0x0000000085e00000, 0x0000000085f00000, 0x0000000085f00000|100%| O|  |TAMS 0x0000000085e00000, 0x0000000085e00000| Untracked 
|  95|0x0000000085f00000, 0x0000000086000000, 0x0000000086000000|100%| O|  |TAMS 0x0000000085f00000, 0x0000000085f00000| Untracked 
|  96|0x0000000086000000, 0x0000000086100000, 0x0000000086100000|100%| O|  |TAMS 0x0000000086000000, 0x0000000086000000| Untracked 
|  97|0x0000000086100000, 0x0000000086200000, 0x0000000086200000|100%| O|  |TAMS 0x0000000086100000, 0x0000000086100000| Untracked 
|  98|0x0000000086200000, 0x0000000086300000, 0x0000000086300000|100%| O|  |TAMS 0x0000000086200000, 0x0000000086200000| Untracked 
|  99|0x0000000086300000, 0x0000000086400000, 0x0000000086400000|100%| O|  |TAMS 0x0000000086300000, 0x0000000086300000| Untracked 
| 100|0x0000000086400000, 0x0000000086500000, 0x0000000086500000|100%| O|  |TAMS 0x0000000086400000, 0x0000000086400000| Untracked 
| 101|0x0000000086500000, 0x0000000086600000, 0x0000000086600000|100%| O|  |TAMS 0x0000000086500000, 0x0000000086500000| Untracked 
| 102|0x0000000086600000, 0x0000000086700000, 0x0000000086700000|100%| O|  |TAMS 0x0000000086600000, 0x0000000086600000| Untracked 
| 103|0x0000000086700000, 0x0000000086800000, 0x0000000086800000|100%| O|  |TAMS 0x0000000086700000, 0x0000000086700000| Untracked 
| 104|0x0000000086800000, 0x0000000086900000, 0x0000000086900000|100%|HS|  |TAMS 0x0000000086800000, 0x0000000086800000| Complete 
| 105|0x0000000086900000, 0x0000000086a00000, 0x0000000086a00000|100%|HS|  |TAMS 0x0000000086900000, 0x0000000086900000| Complete 
| 106|0x0000000086a00000, 0x0000000086b00000, 0x0000000086b00000|100%|HS|  |TAMS 0x0000000086a00000, 0x0000000086a00000| Complete 
| 107|0x0000000086b00000, 0x0000000086c00000, 0x0000000086c00000|100%|HC|  |TAMS 0x0000000086b00000, 0x0000000086b00000| Complete 
| 108|0x0000000086c00000, 0x0000000086d00000, 0x0000000086d00000|100%| O|  |TAMS 0x0000000086c00000, 0x0000000086c00000| Untracked 
| 109|0x0000000086d00000, 0x0000000086e00000, 0x0000000086e00000|100%| O|  |TAMS 0x0000000086d00000, 0x0000000086d00000| Untracked 
| 110|0x0000000086e00000, 0x0000000086f00000, 0x0000000086f00000|100%| O|  |TAMS 0x0000000086e00000, 0x0000000086e00000| Untracked 
| 111|0x0000000086f00000, 0x0000000087000000, 0x0000000087000000|100%| O|  |TAMS 0x0000000086f00000, 0x0000000086f00000| Untracked 
| 112|0x0000000087000000, 0x0000000087100000, 0x0000000087100000|100%| O|  |TAMS 0x0000000087000000, 0x0000000087000000| Untracked 
| 113|0x0000000087100000, 0x0000000087200000, 0x0000000087200000|100%| O|  |TAMS 0x0000000087100000, 0x0000000087100000| Untracked 
| 114|0x0000000087200000, 0x0000000087300000, 0x0000000087300000|100%| O|  |TAMS 0x0000000087200000, 0x0000000087200000| Untracked 
| 115|0x0000000087300000, 0x0000000087400000, 0x0000000087400000|100%| O|  |TAMS 0x0000000087300000, 0x0000000087300000| Untracked 
| 116|0x0000000087400000, 0x0000000087500000, 0x0000000087500000|100%| O|  |TAMS 0x0000000087400000, 0x0000000087400000| Untracked 
| 117|0x0000000087500000, 0x0000000087600000, 0x0000000087600000|100%| O|  |TAMS 0x0000000087500000, 0x0000000087500000| Untracked 
| 118|0x0000000087600000, 0x0000000087700000, 0x0000000087700000|100%| O|  |TAMS 0x0000000087600000, 0x0000000087600000| Untracked 
| 119|0x0000000087700000, 0x0000000087800000, 0x0000000087800000|100%|HS|  |TAMS 0x0000000087700000, 0x0000000087700000| Complete 
| 120|0x0000000087800000, 0x0000000087900000, 0x0000000087900000|100%|HS|  |TAMS 0x0000000087800000, 0x0000000087800000| Complete 
| 121|0x0000000087900000, 0x0000000087a00000, 0x0000000087a00000|100%| O|  |TAMS 0x0000000087900000, 0x0000000087900000| Untracked 
| 122|0x0000000087a00000, 0x0000000087b00000, 0x0000000087b00000|100%| O|  |TAMS 0x0000000087a00000, 0x0000000087a00000| Untracked 
| 123|0x0000000087b00000, 0x0000000087c00000, 0x0000000087c00000|100%| O|  |TAMS 0x0000000087b00000, 0x0000000087b00000| Untracked 
| 124|0x0000000087c00000, 0x0000000087d00000, 0x0000000087d00000|100%| O|  |TAMS 0x0000000087c00000, 0x0000000087c00000| Untracked 
| 125|0x0000000087d00000, 0x0000000087e00000, 0x0000000087e00000|100%| O|  |TAMS 0x0000000087d00000, 0x0000000087d00000| Untracked 
| 126|0x0000000087e00000, 0x0000000087f00000, 0x0000000087f00000|100%| O|  |TAMS 0x0000000087e00000, 0x0000000087e00000| Untracked 
| 127|0x0000000087f00000, 0x0000000088000000, 0x0000000088000000|100%| O|  |TAMS 0x0000000087f00000, 0x0000000087f00000| Untracked 
| 128|0x0000000088000000, 0x0000000088100000, 0x0000000088100000|100%| O|  |TAMS 0x0000000088000000, 0x0000000088000000| Untracked 
| 129|0x0000000088100000, 0x0000000088200000, 0x0000000088200000|100%| O|  |TAMS 0x0000000088100000, 0x0000000088100000| Untracked 
| 130|0x0000000088200000, 0x0000000088300000, 0x0000000088300000|100%| O|  |TAMS 0x0000000088200000, 0x0000000088200000| Untracked 
| 131|0x0000000088300000, 0x0000000088400000, 0x0000000088400000|100%| O|  |TAMS 0x0000000088300000, 0x0000000088300000| Untracked 
| 132|0x0000000088400000, 0x0000000088500000, 0x0000000088500000|100%| O|  |TAMS 0x0000000088400000, 0x0000000088400000| Untracked 
| 133|0x0000000088500000, 0x0000000088600000, 0x0000000088600000|100%| O|  |TAMS 0x0000000088500000, 0x0000000088500000| Untracked 
| 134|0x0000000088600000, 0x0000000088700000, 0x0000000088700000|100%| O|  |TAMS 0x0000000088600000, 0x0000000088600000| Untracked 
| 135|0x0000000088700000, 0x0000000088800000, 0x0000000088800000|100%| O|  |TAMS 0x0000000088700000, 0x0000000088700000| Untracked 
| 136|0x0000000088800000, 0x0000000088900000, 0x0000000088900000|100%| O|  |TAMS 0x0000000088800000, 0x0000000088800000| Untracked 
| 137|0x0000000088900000, 0x0000000088a00000, 0x0000000088a00000|100%| O|  |TAMS 0x0000000088900000, 0x0000000088900000| Untracked 
| 138|0x0000000088a00000, 0x0000000088b00000, 0x0000000088b00000|100%| O|  |TAMS 0x0000000088a00000, 0x0000000088a00000| Untracked 
| 139|0x0000000088b00000, 0x0000000088c00000, 0x0000000088c00000|100%| O|  |TAMS 0x0000000088b00000, 0x0000000088b00000| Untracked 
| 140|0x0000000088c00000, 0x0000000088c58000, 0x0000000088d00000| 34%| O|  |TAMS 0x0000000088c00000, 0x0000000088c00000| Untracked 
| 141|0x0000000088d00000, 0x0000000088d00000, 0x0000000088e00000|  0%| F|  |TAMS 0x0000000088d00000, 0x0000000088d00000| Untracked 
| 142|0x0000000088e00000, 0x0000000088e00000, 0x0000000088f00000|  0%| F|  |TAMS 0x0000000088e00000, 0x0000000088e00000| Untracked 
| 143|0x0000000088f00000, 0x0000000088f00000, 0x0000000089000000|  0%| F|  |TAMS 0x0000000088f00000, 0x0000000088f00000| Untracked 
| 144|0x0000000089000000, 0x0000000089000000, 0x0000000089100000|  0%| F|  |TAMS 0x0000000089000000, 0x0000000089000000| Untracked 
| 145|0x0000000089100000, 0x0000000089100000, 0x0000000089200000|  0%| F|  |TAMS 0x0000000089100000, 0x0000000089100000| Untracked 
| 146|0x0000000089200000, 0x0000000089200000, 0x0000000089300000|  0%| F|  |TAMS 0x0000000089200000, 0x0000000089200000| Untracked 
| 147|0x0000000089300000, 0x0000000089300000, 0x0000000089400000|  0%| F|  |TAMS 0x0000000089300000, 0x0000000089300000| Untracked 
| 148|0x0000000089400000, 0x0000000089400000, 0x0000000089500000|  0%| F|  |TAMS 0x0000000089400000, 0x0000000089400000| Untracked 
| 149|0x0000000089500000, 0x0000000089500000, 0x0000000089600000|  0%| F|  |TAMS 0x0000000089500000, 0x0000000089500000| Untracked 
| 150|0x0000000089600000, 0x0000000089600000, 0x0000000089700000|  0%| F|  |TAMS 0x0000000089600000, 0x0000000089600000| Untracked 
| 151|0x0000000089700000, 0x0000000089700000, 0x0000000089800000|  0%| F|  |TAMS 0x0000000089700000, 0x0000000089700000| Untracked 
| 152|0x0000000089800000, 0x0000000089800000, 0x0000000089900000|  0%| F|  |TAMS 0x0000000089800000, 0x0000000089800000| Untracked 
| 153|0x0000000089900000, 0x0000000089900000, 0x0000000089a00000|  0%| F|  |TAMS 0x0000000089900000, 0x0000000089900000| Untracked 
| 154|0x0000000089a00000, 0x0000000089a00000, 0x0000000089b00000|  0%| F|  |TAMS 0x0000000089a00000, 0x0000000089a00000| Untracked 
| 155|0x0000000089b00000, 0x0000000089b00000, 0x0000000089c00000|  0%| F|  |TAMS 0x0000000089b00000, 0x0000000089b00000| Untracked 
| 156|0x0000000089c00000, 0x0000000089c00000, 0x0000000089d00000|  0%| F|  |TAMS 0x0000000089c00000, 0x0000000089c00000| Untracked 
| 157|0x0000000089d00000, 0x0000000089d00000, 0x0000000089e00000|  0%| F|  |TAMS 0x0000000089d00000, 0x0000000089d00000| Untracked 
| 158|0x0000000089e00000, 0x0000000089e00000, 0x0000000089f00000|  0%| F|  |TAMS 0x0000000089e00000, 0x0000000089e00000| Untracked 
| 159|0x0000000089f00000, 0x0000000089f00000, 0x000000008a000000|  0%| F|  |TAMS 0x0000000089f00000, 0x0000000089f00000| Untracked 
| 160|0x000000008a000000, 0x000000008a000000, 0x000000008a100000|  0%| F|  |TAMS 0x000000008a000000, 0x000000008a000000| Untracked 
| 161|0x000000008a100000, 0x000000008a100000, 0x000000008a200000|  0%| F|  |TAMS 0x000000008a100000, 0x000000008a100000| Untracked 
| 162|0x000000008a200000, 0x000000008a200000, 0x000000008a300000|  0%| F|  |TAMS 0x000000008a200000, 0x000000008a200000| Untracked 
| 163|0x000000008a300000, 0x000000008a300000, 0x000000008a400000|  0%| F|  |TAMS 0x000000008a300000, 0x000000008a300000| Untracked 
| 164|0x000000008a400000, 0x000000008a500000, 0x000000008a500000|100%| S|CS|TAMS 0x000000008a400000, 0x000000008a400000| Complete 
| 165|0x000000008a500000, 0x000000008a600000, 0x000000008a600000|100%| S|CS|TAMS 0x000000008a500000, 0x000000008a500000| Complete 
| 166|0x000000008a600000, 0x000000008a600000, 0x000000008a700000|  0%| F|  |TAMS 0x000000008a600000, 0x000000008a600000| Untracked 
| 167|0x000000008a700000, 0x000000008a800000, 0x000000008a800000|100%| S|CS|TAMS 0x000000008a700000, 0x000000008a700000| Complete 
| 168|0x000000008a800000, 0x000000008a800000, 0x000000008a900000|  0%| F|  |TAMS 0x000000008a800000, 0x000000008a800000| Untracked 
| 169|0x000000008a900000, 0x000000008a900000, 0x000000008aa00000|  0%| F|  |TAMS 0x000000008a900000, 0x000000008a900000| Untracked 
| 170|0x000000008aa00000, 0x000000008aa00000, 0x000000008ab00000|  0%| F|  |TAMS 0x000000008aa00000, 0x000000008aa00000| Untracked 
| 171|0x000000008ab00000, 0x000000008ab00000, 0x000000008ac00000|  0%| F|  |TAMS 0x000000008ab00000, 0x000000008ab00000| Untracked 
| 172|0x000000008ac00000, 0x000000008ac00000, 0x000000008ad00000|  0%| F|  |TAMS 0x000000008ac00000, 0x000000008ac00000| Untracked 
| 173|0x000000008ad00000, 0x000000008ad00000, 0x000000008ae00000|  0%| F|  |TAMS 0x000000008ad00000, 0x000000008ad00000| Untracked 
| 174|0x000000008ae00000, 0x000000008ae00000, 0x000000008af00000|  0%| F|  |TAMS 0x000000008ae00000, 0x000000008ae00000| Untracked 
| 175|0x000000008af00000, 0x000000008af00000, 0x000000008b000000|  0%| F|  |TAMS 0x000000008af00000, 0x000000008af00000| Untracked 
| 176|0x000000008b000000, 0x000000008b000000, 0x000000008b100000|  0%| F|  |TAMS 0x000000008b000000, 0x000000008b000000| Untracked 
| 177|0x000000008b100000, 0x000000008b100000, 0x000000008b200000|  0%| F|  |TAMS 0x000000008b100000, 0x000000008b100000| Untracked 
| 178|0x000000008b200000, 0x000000008b200000, 0x000000008b300000|  0%| F|  |TAMS 0x000000008b200000, 0x000000008b200000| Untracked 
| 179|0x000000008b300000, 0x000000008b300000, 0x000000008b400000|  0%| F|  |TAMS 0x000000008b300000, 0x000000008b300000| Untracked 
| 180|0x000000008b400000, 0x000000008b465770, 0x000000008b500000| 39%| E|  |TAMS 0x000000008b400000, 0x000000008b400000| Complete 
| 181|0x000000008b500000, 0x000000008b600000, 0x000000008b600000|100%| E|CS|TAMS 0x000000008b500000, 0x000000008b500000| Complete 
| 182|0x000000008b600000, 0x000000008b700000, 0x000000008b700000|100%| E|CS|TAMS 0x000000008b600000, 0x000000008b600000| Complete 
| 183|0x000000008b700000, 0x000000008b800000, 0x000000008b800000|100%| E|CS|TAMS 0x000000008b700000, 0x000000008b700000| Complete 
| 184|0x000000008b800000, 0x000000008b900000, 0x000000008b900000|100%| E|CS|TAMS 0x000000008b800000, 0x000000008b800000| Complete 
| 185|0x000000008b900000, 0x000000008ba00000, 0x000000008ba00000|100%| E|CS|TAMS 0x000000008b900000, 0x000000008b900000| Complete 
| 186|0x000000008ba00000, 0x000000008bb00000, 0x000000008bb00000|100%| E|CS|TAMS 0x000000008ba00000, 0x000000008ba00000| Complete 
| 187|0x000000008bb00000, 0x000000008bc00000, 0x000000008bc00000|100%| E|CS|TAMS 0x000000008bb00000, 0x000000008bb00000| Complete 
| 188|0x000000008bc00000, 0x000000008bd00000, 0x000000008bd00000|100%| E|CS|TAMS 0x000000008bc00000, 0x000000008bc00000| Complete 

Card table byte_map: [0x000001b8ff2d0000,0x000001b8ff6d0000] _byte_map_base: 0x000001b8feed0000

Marking Bits (Prev, Next): (CMBitMap*) 0x000001b8fd060820, (CMBitMap*) 0x000001b8fd060860
 Prev Bits: [0x000001b897dd0000, 0x000001b899dd0000)
 Next Bits: [0x000001b899dd0000, 0x000001b89bdd0000)

Polling page: 0x000001b8fcdc0000

Metaspace:

Usage:
  Non-class:     96.12 MB used.
      Class:     15.49 MB used.
       Both:    111.61 MB used.

Virtual space:
  Non-class space:      128.00 MB reserved,      96.62 MB ( 75%) committed,  2 nodes.
      Class space:      416.00 MB reserved,      15.94 MB (  4%) committed,  1 nodes.
             Both:      544.00 MB reserved,     112.56 MB ( 21%) committed. 

Chunk freelists:
   Non-Class:  14.89 MB
       Class:  110.00 KB
        Both:  14.99 MB

MaxMetaspaceSize: 512.00 MB
CompressedClassSpaceSize: 416.00 MB
Initial GC threshold: 21.00 MB
Current GC threshold: 118.69 MB
CDS: on
MetaspaceReclaimPolicy: balanced
 - commit_granule_bytes: 65536.
 - commit_granule_words: 8192.
 - virtual_space_node_default_size: 8388608.
 - enlarge_chunks_in_place: 1.
 - new_chunks_are_fully_committed: 0.
 - uncommit_free_chunks: 1.
 - use_allocation_guard: 0.
 - handle_deallocations: 1.


Internal statistics:

num_allocs_failed_limit: 9.
num_arena_births: 1286.
num_arena_deaths: 0.
num_vsnodes_births: 3.
num_vsnodes_deaths: 0.
num_space_committed: 1801.
num_space_uncommitted: 0.
num_chunks_returned_to_freelist: 9.
num_chunks_taken_from_freelist: 6044.
num_chunk_merges: 9.
num_chunk_splits: 4019.
num_chunks_enlarged: 2700.
num_inconsistent_stats: 0.

CodeHeap 'non-profiled nmethods': size=120000Kb used=7457Kb max_used=7703Kb free=112543Kb
 bounds [0x000001b8908a0000, 0x000001b891030000, 0x000001b897dd0000]
CodeHeap 'profiled nmethods': size=120000Kb used=24210Kb max_used=25636Kb free=95790Kb
 bounds [0x000001b888dd0000, 0x000001b88a6e0000, 0x000001b890300000]
CodeHeap 'non-nmethods': size=5760Kb used=2475Kb max_used=2529Kb free=3284Kb
 bounds [0x000001b890300000, 0x000001b890590000, 0x000001b8908a0000]
 total_blobs=12862 nmethods=11846 adapters=927
 compilation: enabled
              stopped_count=0, restarted_count=0
 full_count=0

Compilation events (20 events):
Event: 105.513 Thread 0x000001b89df4ccb0 nmethod 14109 0x000001b889cb3610 code [0x000001b889cb37a0, 0x000001b889cb38e8]
Event: 105.513 Thread 0x000001b89df4ccb0 14110       3       org.gradle.api.internal.AbstractTask::dependsOn (20 bytes)
Event: 105.518 Thread 0x000001b89df4ccb0 nmethod 14110 0x000001b888e65210 code [0x000001b888e65440, 0x000001b888e65cc8]
Event: 105.518 Thread 0x000001b89df4ccb0 14111       3       org.gradle.api.internal.DefaultNamedDomainObjectCollection::realized (16 bytes)
Event: 105.520 Thread 0x000001b89df4ccb0 nmethod 14111 0x000001b889a31690 code [0x000001b889a31860, 0x000001b889a31c48]
Event: 105.520 Thread 0x000001b89df4ccb0 14112       3       org.gradle.api.internal.tasks.DefaultTaskContainer$TaskCreatingProvider::tryCreate (21 bytes)
Event: 105.522 Thread 0x000001b89df4ccb0 nmethod 14112 0x000001b888ff9990 code [0x000001b888ff9b60, 0x000001b888ff9f88]
Event: 105.592 Thread 0x000001b89df4ccb0 14114       3       org.gradle.internal.instantiation.generator.ManagedObjectFactory::applyRole (12 bytes)
Event: 105.594 Thread 0x000001b89df4ccb0 nmethod 14114 0x000001b88911ac10 code [0x000001b88911ade0, 0x000001b88911b308]
Event: 105.594 Thread 0x000001b89df4ccb0 14115       3       org.gradle.api.internal.tasks.properties.annotations.OutputPropertyRoleAnnotationHandler::applyRoleTo (18 bytes)
Event: 105.595 Thread 0x000001b89df4ccb0 nmethod 14115 0x000001b889463d90 code [0x000001b889463f40, 0x000001b8894643a8]
Event: 105.595 Thread 0x000001b89df4ccb0 14116       3       org.gradle.api.internal.provider.AbstractProperty::attachProducer (94 bytes)
Event: 105.597 Thread 0x000001b89df4ccb0 nmethod 14116 0x000001b8893e6690 code [0x000001b8893e68e0, 0x000001b8893e7288]
Event: 105.598 Thread 0x000001b89df4ccb0 14117       3       org.gradle.api.internal.provider.Collectors$ElementFromProvider::collectEntries (58 bytes)
Event: 105.600 Thread 0x000001b89df4ccb0 nmethod 14117 0x000001b88951ae90 code [0x000001b88951b100, 0x000001b88951baf8]
Event: 105.601 Thread 0x000001b89df4ccb0 14118       1       org.gradle.api.specs.CompositeSpec::getSpecsArray (5 bytes)
Event: 105.601 Thread 0x000001b89df4ccb0 nmethod 14118 0x000001b890b2d210 code [0x000001b890b2d3a0, 0x000001b890b2d478]
Event: 105.639 Thread 0x000001b89df4ccb0 14119       3       org.gradle.api.internal.collections.SortedSetElementSource::doAddRealized (29 bytes)
Event: 105.641 Thread 0x000001b89df4ccb0 nmethod 14119 0x000001b889594210 code [0x000001b8895943e0, 0x000001b8895947f8]
Event: 105.751 Thread 0x000001b89df4ccb0 14121       3       groovy.lang.MetaClassImpl::getSuperClasses (92 bytes)

GC Heap History (20 events):
Event: 89.425 GC heap before
{Heap before GC invocations=41 (full 0):
 garbage-first heap   total 193536K, used 157796K [0x0000000080000000, 0x0000000100000000)
  region size 1024K, 60 young (61440K), 7 survivors (7168K)
 Metaspace       used 101339K, committed 102144K, reserved 557056K
  class space    used 14032K, committed 14400K, reserved 425984K
}
Event: 89.479 GC heap after
{Heap after GC invocations=42 (full 0):
 garbage-first heap   total 193536K, used 105457K [0x0000000080000000, 0x0000000100000000)
  region size 1024K, 5 young (5120K), 5 survivors (5120K)
 Metaspace       used 101339K, committed 102144K, reserved 557056K
  class space    used 14032K, committed 14400K, reserved 425984K
}
Event: 91.938 GC heap before
{Heap before GC invocations=42 (full 0):
 garbage-first heap   total 193536K, used 159729K [0x0000000080000000, 0x0000000100000000)
  region size 1024K, 58 young (59392K), 5 survivors (5120K)
 Metaspace       used 104885K, committed 105728K, reserved 557056K
  class space    used 14544K, committed 14912K, reserved 425984K
}
Event: 91.954 GC heap after
{Heap after GC invocations=43 (full 0):
 garbage-first heap   total 193536K, used 108694K [0x0000000080000000, 0x0000000100000000)
  region size 1024K, 5 young (5120K), 5 survivors (5120K)
 Metaspace       used 104885K, committed 105728K, reserved 557056K
  class space    used 14544K, committed 14912K, reserved 425984K
}
Event: 94.042 GC heap before
{Heap before GC invocations=43 (full 0):
 garbage-first heap   total 193536K, used 160918K [0x0000000080000000, 0x0000000100000000)
  region size 1024K, 56 young (57344K), 5 survivors (5120K)
 Metaspace       used 106174K, committed 107072K, reserved 557056K
  class space    used 14678K, committed 15104K, reserved 425984K
}
Event: 94.062 GC heap after
{Heap after GC invocations=44 (full 0):
 garbage-first heap   total 193536K, used 113054K [0x0000000080000000, 0x0000000100000000)
  region size 1024K, 7 young (7168K), 7 survivors (7168K)
 Metaspace       used 106174K, committed 107072K, reserved 557056K
  class space    used 14678K, committed 15104K, reserved 425984K
}
Event: 96.074 GC heap before
{Heap before GC invocations=44 (full 0):
 garbage-first heap   total 193536K, used 165278K [0x0000000080000000, 0x0000000100000000)
  region size 1024K, 54 young (55296K), 7 survivors (7168K)
 Metaspace       used 108010K, committed 108864K, reserved 557056K
  class space    used 14977K, committed 15360K, reserved 425984K
}
Event: 96.103 GC heap after
{Heap after GC invocations=45 (full 0):
 garbage-first heap   total 193536K, used 128009K [0x0000000080000000, 0x0000000100000000)
  region size 1024K, 7 young (7168K), 7 survivors (7168K)
 Metaspace       used 108010K, committed 108864K, reserved 557056K
  class space    used 14977K, committed 15360K, reserved 425984K
}
Event: 99.017 GC heap before
{Heap before GC invocations=45 (full 0):
 garbage-first heap   total 193536K, used 163849K [0x0000000080000000, 0x0000000100000000)
  region size 1024K, 40 young (40960K), 7 survivors (7168K)
 Metaspace       used 108546K, committed 109504K, reserved 557056K
  class space    used 15068K, committed 15488K, reserved 425984K
}
Event: 99.064 GC heap after
{Heap after GC invocations=46 (full 0):
 garbage-first heap   total 193536K, used 137016K [0x0000000080000000, 0x0000000100000000)
  region size 1024K, 5 young (5120K), 5 survivors (5120K)
 Metaspace       used 108546K, committed 109504K, reserved 557056K
  class space    used 15068K, committed 15488K, reserved 425984K
}
Event: 100.547 GC heap before
{Heap before GC invocations=46 (full 0):
 garbage-first heap   total 193536K, used 161592K [0x0000000080000000, 0x0000000100000000)
  region size 1024K, 30 young (30720K), 5 survivors (5120K)
 Metaspace       used 109534K, committed 110464K, reserved 557056K
  class space    used 15208K, committed 15616K, reserved 425984K
}
Event: 100.564 GC heap after
{Heap after GC invocations=47 (full 0):
 garbage-first heap   total 193536K, used 141529K [0x0000000080000000, 0x0000000100000000)
  region size 1024K, 4 young (4096K), 4 survivors (4096K)
 Metaspace       used 109534K, committed 110464K, reserved 557056K
  class space    used 15208K, committed 15616K, reserved 425984K
}
Event: 101.751 GC heap before
{Heap before GC invocations=47 (full 0):
 garbage-first heap   total 193536K, used 163033K [0x0000000080000000, 0x0000000100000000)
  region size 1024K, 25 young (25600K), 4 survivors (4096K)
 Metaspace       used 110901K, committed 111872K, reserved 557056K
  class space    used 15364K, committed 15808K, reserved 425984K
}
Event: 101.764 GC heap after
{Heap after GC invocations=48 (full 0):
 garbage-first heap   total 193536K, used 142916K [0x0000000080000000, 0x0000000100000000)
  region size 1024K, 2 young (2048K), 2 survivors (2048K)
 Metaspace       used 110901K, committed 111872K, reserved 557056K
  class space    used 15364K, committed 15808K, reserved 425984K
}
Event: 102.746 GC heap before
{Heap before GC invocations=48 (full 0):
 garbage-first heap   total 193536K, used 164420K [0x0000000080000000, 0x0000000100000000)
  region size 1024K, 23 young (23552K), 2 survivors (2048K)
 Metaspace       used 112029K, committed 113024K, reserved 557056K
  class space    used 15546K, committed 16000K, reserved 425984K
}
Event: 102.755 GC heap after
{Heap after GC invocations=49 (full 0):
 garbage-first heap   total 193536K, used 143532K [0x0000000080000000, 0x0000000100000000)
  region size 1024K, 2 young (2048K), 2 survivors (2048K)
 Metaspace       used 112029K, committed 113024K, reserved 557056K
  class space    used 15546K, committed 16000K, reserved 425984K
}
Event: 103.331 GC heap before
{Heap before GC invocations=49 (full 0):
 garbage-first heap   total 193536K, used 166060K [0x0000000080000000, 0x0000000100000000)
  region size 1024K, 24 young (24576K), 2 survivors (2048K)
 Metaspace       used 113063K, committed 113984K, reserved 557056K
  class space    used 15694K, committed 16128K, reserved 425984K
}
Event: 103.344 GC heap after
{Heap after GC invocations=50 (full 0):
 garbage-first heap   total 193536K, used 144829K [0x0000000080000000, 0x0000000100000000)
  region size 1024K, 3 young (3072K), 3 survivors (3072K)
 Metaspace       used 113063K, committed 113984K, reserved 557056K
  class space    used 15694K, committed 16128K, reserved 425984K
}
Event: 105.541 GC heap before
{Heap before GC invocations=50 (full 0):
 garbage-first heap   total 193536K, used 166333K [0x0000000080000000, 0x0000000100000000)
  region size 1024K, 24 young (24576K), 3 survivors (3072K)
 Metaspace       used 114186K, committed 115136K, reserved 557056K
  class space    used 15849K, committed 16256K, reserved 425984K
}
Event: 105.571 GC heap after
{Heap after GC invocations=51 (full 0):
 garbage-first heap   total 193536K, used 146584K [0x0000000080000000, 0x0000000100000000)
  region size 1024K, 3 young (3072K), 3 survivors (3072K)
 Metaspace       used 114186K, committed 115136K, reserved 557056K
  class space    used 15849K, committed 16256K, reserved 425984K
}

Dll operation events (14 events):
Event: 0.034 Loaded shared library C:\Program Files\OpenLogic\jdk-17.0.9.9-hotspot\bin\java.dll
Event: 0.133 Loaded shared library C:\Program Files\OpenLogic\jdk-17.0.9.9-hotspot\bin\jsvml.dll
Event: 0.389 Loaded shared library C:\Program Files\OpenLogic\jdk-17.0.9.9-hotspot\bin\zip.dll
Event: 0.399 Loaded shared library C:\Program Files\OpenLogic\jdk-17.0.9.9-hotspot\bin\instrument.dll
Event: 0.415 Loaded shared library C:\Program Files\OpenLogic\jdk-17.0.9.9-hotspot\bin\net.dll
Event: 0.418 Loaded shared library C:\Program Files\OpenLogic\jdk-17.0.9.9-hotspot\bin\nio.dll
Event: 0.438 Loaded shared library C:\Program Files\OpenLogic\jdk-17.0.9.9-hotspot\bin\zip.dll
Event: 1.785 Loaded shared library C:\Program Files\OpenLogic\jdk-17.0.9.9-hotspot\bin\jimage.dll
Event: 2.312 Loaded shared library C:\Program Files\OpenLogic\jdk-17.0.9.9-hotspot\bin\verify.dll
Event: 3.895 Loaded shared library C:\Users\DELL\.gradle\native\68d5fa5c4cc2d200863cafc0d521ce42e7d3e7ee720ec0a83991735586a16f82\windows-amd64\native-platform.dll
Event: 3.955 Loaded shared library C:\Users\DELL\.gradle\native\e376f236ea51e6404a007f0833ffe2c6e607c4080706a723a18a27aeea778392\windows-amd64\native-platform-file-events.dll
Event: 8.606 Loaded shared library C:\Program Files\OpenLogic\jdk-17.0.9.9-hotspot\bin\management.dll
Event: 8.634 Loaded shared library C:\Program Files\OpenLogic\jdk-17.0.9.9-hotspot\bin\management_ext.dll
Event: 10.593 Loaded shared library C:\Program Files\OpenLogic\jdk-17.0.9.9-hotspot\bin\sunmscapi.dll

Deoptimization events (20 events):
Event: 103.131 Thread 0x000001b8bd300480 Uncommon trap: trap_request=0xfffffff4 fr.pc=0x000001b890ea041c relative=0x0000000000000bfc
Event: 103.131 Thread 0x000001b8bd300480 Uncommon trap: reason=null_check action=make_not_entrant pc=0x000001b890ea041c method=org.gradle.internal.instantiation.generator.AbstractClassGenerator.isIneligibleForConventionMapping(Lorg/gradle/internal/instantiation/generator/AbstractClassGenerator$P
Event: 103.131 Thread 0x000001b8bd300480 DEOPT PACKING pc=0x000001b890ea041c sp=0x000000a4469f5d80
Event: 103.131 Thread 0x000001b8bd300480 DEOPT UNPACKING pc=0x000001b8903569a3 sp=0x000000a4469f5ca8 mode 2
Event: 104.366 Thread 0x000001b8bd300480 Uncommon trap: trap_request=0xffffffd6 fr.pc=0x000001b890e6182c relative=0x0000000000000b0c
Event: 104.366 Thread 0x000001b8bd300480 Uncommon trap: reason=array_check action=maybe_recompile pc=0x000001b890e6182c method=com.google.common.collect.RegularImmutableMap.fromEntryArrayCheckingBucketOverflow(I[Ljava/util/Map$Entry;Z)Lcom/google/common/collect/ImmutableMap; @ 216 c2
Event: 104.366 Thread 0x000001b8bd300480 DEOPT PACKING pc=0x000001b890e6182c sp=0x000000a4469f5800
Event: 104.366 Thread 0x000001b8bd300480 DEOPT UNPACKING pc=0x000001b8903569a3 sp=0x000000a4469f57b0 mode 2
Event: 104.366 Thread 0x000001b8bd300480 Uncommon trap: trap_request=0xffffffd6 fr.pc=0x000001b890e6182c relative=0x0000000000000b0c
Event: 104.366 Thread 0x000001b8bd300480 Uncommon trap: reason=array_check action=maybe_recompile pc=0x000001b890e6182c method=com.google.common.collect.RegularImmutableMap.fromEntryArrayCheckingBucketOverflow(I[Ljava/util/Map$Entry;Z)Lcom/google/common/collect/ImmutableMap; @ 216 c2
Event: 104.366 Thread 0x000001b8bd300480 DEOPT PACKING pc=0x000001b890e6182c sp=0x000000a4469f58c0
Event: 104.366 Thread 0x000001b8bd300480 DEOPT UNPACKING pc=0x000001b8903569a3 sp=0x000000a4469f5870 mode 2
Event: 104.367 Thread 0x000001b8bd300480 Uncommon trap: trap_request=0xffffffd6 fr.pc=0x000001b890e6182c relative=0x0000000000000b0c
Event: 104.367 Thread 0x000001b8bd300480 Uncommon trap: reason=array_check action=maybe_recompile pc=0x000001b890e6182c method=com.google.common.collect.RegularImmutableMap.fromEntryArrayCheckingBucketOverflow(I[Ljava/util/Map$Entry;Z)Lcom/google/common/collect/ImmutableMap; @ 216 c2
Event: 104.367 Thread 0x000001b8bd300480 DEOPT PACKING pc=0x000001b890e6182c sp=0x000000a4469f5800
Event: 104.367 Thread 0x000001b8bd300480 DEOPT UNPACKING pc=0x000001b8903569a3 sp=0x000000a4469f57b0 mode 2
Event: 104.367 Thread 0x000001b8bd300480 Uncommon trap: trap_request=0xffffffd6 fr.pc=0x000001b890e6182c relative=0x0000000000000b0c
Event: 104.367 Thread 0x000001b8bd300480 Uncommon trap: reason=array_check action=maybe_recompile pc=0x000001b890e6182c method=com.google.common.collect.RegularImmutableMap.fromEntryArrayCheckingBucketOverflow(I[Ljava/util/Map$Entry;Z)Lcom/google/common/collect/ImmutableMap; @ 216 c2
Event: 104.367 Thread 0x000001b8bd300480 DEOPT PACKING pc=0x000001b890e6182c sp=0x000000a4469f58c0
Event: 104.367 Thread 0x000001b8bd300480 DEOPT UNPACKING pc=0x000001b8903569a3 sp=0x000000a4469f5870 mode 2

Classes unloaded (0 events):
No events

Classes redefined (0 events):
No events

Internal exceptions (20 events):
Event: 100.440 Thread 0x000001b8bd300480 Exception <a 'java/lang/NoSuchMethodError'{0x000000008a5939c8}: 'java.lang.Object java.lang.invoke.Invokers$Holder.invoker(java.lang.Object, java.lang.Object, java.lang.Object, java.lang.Object, java.lang.Object, java.lang.Object)'> (0x000000008a5939c8) 
thrown [s\src\hotspot\share\interpreter\linkResolver.cpp, line 759]
Event: 100.444 Thread 0x000001b8bd300480 Implicit null exception at 0x000001b8909f893a to 0x000001b8909f8b54
Event: 100.448 Thread 0x000001b8bd300480 Exception <a 'java/lang/NoSuchMethodError'{0x000000008a59e918}: 'int java.lang.invoke.DirectMethodHandle$Holder.invokeStatic(java.lang.Object, java.lang.Object, int)'> (0x000000008a59e918) 
thrown [s\src\hotspot\share\interpreter\linkResolver.cpp, line 759]
Event: 100.449 Thread 0x000001b8bd300480 Exception <a 'java/lang/NoSuchMethodError'{0x000000008a5a36c8}: 'int java.lang.invoke.DirectMethodHandle$Holder.invokeSpecial(java.lang.Object, java.lang.Object, java.lang.Object, int)'> (0x000000008a5a36c8) 
thrown [s\src\hotspot\share\interpreter\linkResolver.cpp, line 759]
Event: 100.455 Thread 0x000001b8bd300480 Exception <a 'java/lang/NoSuchMethodError'{0x000000008a5b8bb0}: 'java.lang.Object java.lang.invoke.DirectMethodHandle$Holder.invokeSpecial(java.lang.Object, java.lang.Object, java.lang.Object, java.lang.Object, int, java.lang.Object)'> (0x000000008a5b8bb0) 
thrown [s\src\hotspot\share\interpreter\linkResolver.cpp, line 759]
Event: 101.430 Thread 0x000001b8bd300480 Exception <a 'java/lang/NoSuchMethodError'{0x000000008ad409d0}: static Lcom/android/build/gradle/internal/cxx/prefab/PrefabPackagePublication;.<clinit>()V> (0x000000008ad409d0) 
thrown [s\src\hotspot\share\prims\jni.cpp, line 1107]
Event: 101.436 Thread 0x000001b8bd300480 Exception <a 'java/lang/NoSuchMethodError'{0x000000008ad6a430}: static Lcom/android/build/gradle/internal/cxx/prefab/PrefabModulePublication;.<clinit>()V> (0x000000008ad6a430) 
thrown [s\src\hotspot\share\prims\jni.cpp, line 1107]
Event: 101.439 Thread 0x000001b8bd300480 Exception <a 'java/lang/NoSuchMethodError'{0x000000008ad838c8}: static Lcom/android/build/gradle/internal/cxx/prefab/PrefabAbiPublication;.<clinit>()V> (0x000000008ad838c8) 
thrown [s\src\hotspot\share\prims\jni.cpp, line 1107]
Event: 101.485 Thread 0x000001b8bd300480 Exception <a 'java/lang/NoSuchMethodError'{0x000000008ac4a748}: 'java.lang.Object java.lang.invoke.Invokers$Holder.invokeExact_MT(java.lang.Object, java.lang.Object, java.lang.Object, int, java.lang.Object, java.lang.Object)'> (0x000000008ac4a748) 
thrown [s\src\hotspot\share\interpreter\linkResolver.cpp, line 759]
Event: 101.896 Thread 0x000001b8bd300480 Implicit null exception at 0x000001b890d6a55a to 0x000001b890d6b40c
Event: 102.007 Thread 0x000001b8bd300480 Implicit null exception at 0x000001b890a117ce to 0x000001b890a12160
Event: 102.639 Thread 0x000001b8bd300480 Implicit null exception at 0x000001b890f46910 to 0x000001b890f469d8
Event: 102.703 Thread 0x000001b8bd300480 Implicit null exception at 0x000001b890a7c48a to 0x000001b890a7c56a
Event: 102.758 Thread 0x000001b8bd300480 Implicit null exception at 0x000001b890be2b2d to 0x000001b890be33a0
Event: 102.759 Thread 0x000001b8bd300480 Implicit null exception at 0x000001b890ad32c3 to 0x000001b890ad3377
Event: 103.131 Thread 0x000001b8bd300480 Implicit null exception at 0x000001b890e9f8b8 to 0x000001b890ea0410
Event: 105.714 Thread 0x000001b8bd300480 Exception <a 'java/lang/ClassNotFoundException'{0x000000008bbcf870}: com/android/build/gradle/tasks/AnalyzeDependenciesTask_DecoratedBeanInfo> (0x000000008bbcf870) 
thrown [s\src\hotspot\share\classfile\systemDictionary.cpp, line 256]
Event: 105.718 Thread 0x000001b8bd300480 Exception <a 'java/lang/ClassNotFoundException'{0x000000008bbdd980}: com/android/build/gradle/tasks/AnalyzeDependenciesTaskBeanInfo> (0x000000008bbdd980) 
thrown [s\src\hotspot\share\classfile\systemDictionary.cpp, line 256]
Event: 105.722 Thread 0x000001b8bd300480 Exception <a 'java/lang/ClassNotFoundException'{0x000000008bbebac0}: com/android/build/gradle/tasks/AnalyzeDependenciesTaskCustomizer> (0x000000008bbebac0) 
thrown [s\src\hotspot\share\classfile\systemDictionary.cpp, line 256]
Event: 105.729 Thread 0x000001b8bd300480 Exception <a 'java/lang/ClassNotFoundException'{0x000000008ba12f90}: com/android/build/gradle/tasks/AnalyzeDependenciesTask_DecoratedCustomizer> (0x000000008ba12f90) 
thrown [s\src\hotspot\share\classfile\systemDictionary.cpp, line 256]

VM Operations (20 events):
Event: 101.566 Executing VM operation: Cleanup
Event: 101.566 Executing VM operation: Cleanup done
Event: 101.745 Executing VM operation: HandshakeAllThreads
Event: 101.745 Executing VM operation: HandshakeAllThreads done
Event: 101.751 Executing VM operation: G1CollectForAllocation
Event: 101.764 Executing VM operation: G1CollectForAllocation done
Event: 101.804 Executing VM operation: HandshakeAllThreads
Event: 101.804 Executing VM operation: HandshakeAllThreads done
Event: 101.884 Executing VM operation: HandshakeAllThreads
Event: 101.901 Executing VM operation: HandshakeAllThreads done
Event: 102.746 Executing VM operation: G1CollectForAllocation
Event: 102.755 Executing VM operation: G1CollectForAllocation done
Event: 103.331 Executing VM operation: G1CollectForAllocation
Event: 103.344 Executing VM operation: G1CollectForAllocation done
Event: 104.349 Executing VM operation: Cleanup
Event: 104.360 Executing VM operation: Cleanup done
Event: 105.372 Executing VM operation: Cleanup
Event: 105.388 Executing VM operation: Cleanup done
Event: 105.541 Executing VM operation: G1CollectForAllocation
Event: 105.571 Executing VM operation: G1CollectForAllocation done

Events (20 events):
Event: 101.932 Thread 0x000001b89df50160 flushing nmethod 0x000001b88a39b910
Event: 101.932 Thread 0x000001b89df50160 flushing nmethod 0x000001b88a3a6610
Event: 101.932 Thread 0x000001b89df50160 flushing nmethod 0x000001b88a3a6f10
Event: 101.932 Thread 0x000001b89df50160 flushing nmethod 0x000001b88a3a9e10
Event: 101.932 Thread 0x000001b89df50160 flushing nmethod 0x000001b88a3aaf10
Event: 101.932 Thread 0x000001b89df50160 flushing nmethod 0x000001b88a3ba910
Event: 101.932 Thread 0x000001b89df50160 flushing nmethod 0x000001b88a3bf990
Event: 101.932 Thread 0x000001b89df50160 flushing nmethod 0x000001b88a3c4310
Event: 101.932 Thread 0x000001b89df50160 flushing nmethod 0x000001b88a3c6110
Event: 101.933 Thread 0x000001b89df50160 flushing nmethod 0x000001b88a3f1d10
Event: 101.933 Thread 0x000001b89df50160 flushing nmethod 0x000001b88a439d10
Event: 101.933 Thread 0x000001b89df50160 flushing nmethod 0x000001b88a441690
Event: 101.933 Thread 0x000001b89df50160 flushing nmethod 0x000001b88a455490
Event: 101.933 Thread 0x000001b89df50160 flushing nmethod 0x000001b88a47d790
Event: 101.935 Thread 0x000001b89df50160 flushing nmethod 0x000001b88a622290
Event: 103.485 loading class java/util/zip/ZipOutputStream
Event: 103.487 loading class java/util/zip/ZipOutputStream done
Event: 104.755 Thread 0x000001b8c1bcb060 Thread exited: 0x000001b8c1bcb060
Event: 105.225 loading class java/security/cert/CertificateEncodingException
Event: 105.225 loading class java/security/cert/CertificateEncodingException done


Dynamic libraries:
0x00007ff7e3780000 - 0x00007ff7e378e000 	C:\Program Files\OpenLogic\jdk-17.0.9.9-hotspot\bin\java.exe
0x00007ffc91890000 - 0x00007ffc91a88000 	C:\WINDOWS\SYSTEM32\ntdll.dll
0x00007ffc8f960000 - 0x00007ffc8fa21000 	C:\WINDOWS\System32\KERNEL32.DLL
0x00007ffc8f2f0000 - 0x00007ffc8f5e6000 	C:\WINDOWS\System32\KERNELBASE.dll
0x00007ffc8f0f0000 - 0x00007ffc8f1f0000 	C:\WINDOWS\System32\ucrtbase.dll
0x00007ffc89050000 - 0x00007ffc89067000 	C:\Program Files\OpenLogic\jdk-17.0.9.9-hotspot\bin\jli.dll
0x00007ffc90ff0000 - 0x00007ffc9118f000 	C:\WINDOWS\System32\USER32.dll
0x00007ffc8f0c0000 - 0x00007ffc8f0e2000 	C:\WINDOWS\System32\win32u.dll
0x00007ffc90c50000 - 0x00007ffc90c7b000 	C:\WINDOWS\System32\GDI32.dll
0x00007ffc8f7a0000 - 0x00007ffc8f8b7000 	C:\WINDOWS\System32\gdi32full.dll
0x00007ffc8ef40000 - 0x00007ffc8efdd000 	C:\WINDOWS\System32\msvcp_win.dll
0x00007ffc8a750000 - 0x00007ffc8a76b000 	C:\Program Files\OpenLogic\jdk-17.0.9.9-hotspot\bin\VCRUNTIME140.dll
0x00007ffc7b820000 - 0x00007ffc7baba000 	C:\WINDOWS\WinSxS\amd64_microsoft.windows.common-controls_6595b64144ccf1df_6.0.19041.4355_none_60b8b9eb71f62e16\COMCTL32.dll
0x00007ffc90bb0000 - 0x00007ffc90c4e000 	C:\WINDOWS\System32\msvcrt.dll
0x00007ffc91190000 - 0x00007ffc911bf000 	C:\WINDOWS\System32\IMM32.DLL
0x00007ffc8ce90000 - 0x00007ffc8ce9c000 	C:\Program Files\OpenLogic\jdk-17.0.9.9-hotspot\bin\vcruntime140_1.dll
0x00007ffc78210000 - 0x00007ffc7829d000 	C:\Program Files\OpenLogic\jdk-17.0.9.9-hotspot\bin\msvcp140.dll
0x00007ffc27db0000 - 0x00007ffc28a11000 	C:\Program Files\OpenLogic\jdk-17.0.9.9-hotspot\bin\server\jvm.dll
0x00007ffc8fb00000 - 0x00007ffc8fbb0000 	C:\WINDOWS\System32\ADVAPI32.dll
0x00007ffc8f8c0000 - 0x00007ffc8f960000 	C:\WINDOWS\System32\sechost.dll
0x00007ffc90100000 - 0x00007ffc90223000 	C:\WINDOWS\System32\RPCRT4.dll
0x00007ffc8efe0000 - 0x00007ffc8f007000 	C:\WINDOWS\System32\bcrypt.dll
0x00007ffc8ed90000 - 0x00007ffc8eddb000 	C:\WINDOWS\SYSTEM32\POWRPROF.dll
0x00007ffc8ca30000 - 0x00007ffc8ca39000 	C:\WINDOWS\SYSTEM32\WSOCK32.dll
0x00007ffc91630000 - 0x00007ffc9169b000 	C:\WINDOWS\System32\WS2_32.dll
0x00007ffc7b630000 - 0x00007ffc7b657000 	C:\WINDOWS\SYSTEM32\WINMM.dll
0x00007ffc8ce60000 - 0x00007ffc8ce6a000 	C:\WINDOWS\SYSTEM32\VERSION.dll
0x00007ffc8ed70000 - 0x00007ffc8ed82000 	C:\WINDOWS\SYSTEM32\UMPDC.dll
0x00007ffc8d710000 - 0x00007ffc8d722000 	C:\WINDOWS\SYSTEM32\kernel.appcore.dll
0x00007ffc8c1c0000 - 0x00007ffc8c1ca000 	C:\Program Files\OpenLogic\jdk-17.0.9.9-hotspot\bin\jimage.dll
0x00007ffc71cc0000 - 0x00007ffc71ea4000 	C:\WINDOWS\SYSTEM32\DBGHELP.DLL
0x00007ffc71c80000 - 0x00007ffc71cb4000 	C:\WINDOWS\SYSTEM32\dbgcore.DLL
0x00007ffc8f260000 - 0x00007ffc8f2e2000 	C:\WINDOWS\System32\bcryptPrimitives.dll
0x00007ffc89040000 - 0x00007ffc8904e000 	C:\Program Files\OpenLogic\jdk-17.0.9.9-hotspot\bin\instrument.dll
0x00007ffc7f740000 - 0x00007ffc7f765000 	C:\Program Files\OpenLogic\jdk-17.0.9.9-hotspot\bin\java.dll
0x00007ffc702a0000 - 0x00007ffc70376000 	C:\Program Files\OpenLogic\jdk-17.0.9.9-hotspot\bin\jsvml.dll
0x00007ffc902e0000 - 0x00007ffc90a4c000 	C:\WINDOWS\System32\SHELL32.dll
0x00007ffc8cf60000 - 0x00007ffc8d6fe000 	C:\WINDOWS\SYSTEM32\windows.storage.dll
0x00007ffc90c90000 - 0x00007ffc90fe3000 	C:\WINDOWS\System32\combase.dll
0x00007ffc8e7b0000 - 0x00007ffc8e7de000 	C:\WINDOWS\SYSTEM32\Wldp.dll
0x00007ffc90ad0000 - 0x00007ffc90b9d000 	C:\WINDOWS\System32\OLEAUT32.dll
0x00007ffc90230000 - 0x00007ffc902dd000 	C:\WINDOWS\System32\SHCORE.dll
0x00007ffc8fc70000 - 0x00007ffc8fcc5000 	C:\WINDOWS\System32\shlwapi.dll
0x00007ffc8ee70000 - 0x00007ffc8ee94000 	C:\WINDOWS\SYSTEM32\profapi.dll
0x00007ffc80460000 - 0x00007ffc80478000 	C:\Program Files\OpenLogic\jdk-17.0.9.9-hotspot\bin\zip.dll
0x00007ffc838d0000 - 0x00007ffc838e9000 	C:\Program Files\OpenLogic\jdk-17.0.9.9-hotspot\bin\net.dll
0x00007ffc87fc0000 - 0x00007ffc880ca000 	C:\WINDOWS\SYSTEM32\WINHTTP.dll
0x00007ffc8e590000 - 0x00007ffc8e5fa000 	C:\WINDOWS\system32\mswsock.dll
0x00007ffc82bc0000 - 0x00007ffc82bd6000 	C:\Program Files\OpenLogic\jdk-17.0.9.9-hotspot\bin\nio.dll
0x00007ffc8cea0000 - 0x00007ffc8ceb0000 	C:\Program Files\OpenLogic\jdk-17.0.9.9-hotspot\bin\verify.dll
0x00007ffc809d0000 - 0x00007ffc809f7000 	C:\Users\DELL\.gradle\native\68d5fa5c4cc2d200863cafc0d521ce42e7d3e7ee720ec0a83991735586a16f82\windows-amd64\native-platform.dll
0x00007ffc609c0000 - 0x00007ffc60b04000 	C:\Users\DELL\.gradle\native\e376f236ea51e6404a007f0833ffe2c6e607c4080706a723a18a27aeea778392\windows-amd64\native-platform-file-events.dll
0x00007ffc8a480000 - 0x00007ffc8a489000 	C:\Program Files\OpenLogic\jdk-17.0.9.9-hotspot\bin\management.dll
0x00007ffc88af0000 - 0x00007ffc88afb000 	C:\Program Files\OpenLogic\jdk-17.0.9.9-hotspot\bin\management_ext.dll
0x00007ffc90ba0000 - 0x00007ffc90ba8000 	C:\WINDOWS\System32\PSAPI.DLL
0x00007ffc8eb00000 - 0x00007ffc8eb18000 	C:\WINDOWS\SYSTEM32\CRYPTSP.dll
0x00007ffc8ded0000 - 0x00007ffc8df04000 	C:\WINDOWS\system32\rsaenh.dll
0x00007ffc8ede0000 - 0x00007ffc8ee0e000 	C:\WINDOWS\SYSTEM32\USERENV.dll
0x00007ffc8e720000 - 0x00007ffc8e72c000 	C:\WINDOWS\SYSTEM32\CRYPTBASE.dll
0x00007ffc8e290000 - 0x00007ffc8e2cb000 	C:\WINDOWS\SYSTEM32\IPHLPAPI.DLL
0x00007ffc8fef0000 - 0x00007ffc8fef8000 	C:\WINDOWS\System32\NSI.dll
0x00007ffc898a0000 - 0x00007ffc898b7000 	C:\WINDOWS\SYSTEM32\dhcpcsvc6.DLL
0x00007ffc89880000 - 0x00007ffc8989d000 	C:\WINDOWS\SYSTEM32\dhcpcsvc.DLL
0x00007ffc8e2d0000 - 0x00007ffc8e39a000 	C:\WINDOWS\SYSTEM32\DNSAPI.dll
0x00007ffc82ec0000 - 0x00007ffc82ece000 	C:\Program Files\OpenLogic\jdk-17.0.9.9-hotspot\bin\sunmscapi.dll
0x00007ffc8f640000 - 0x00007ffc8f79e000 	C:\WINDOWS\System32\CRYPT32.dll
0x00007ffc8e820000 - 0x00007ffc8e849000 	C:\WINDOWS\SYSTEM32\ncrypt.dll
0x00007ffc8e7e0000 - 0x00007ffc8e81b000 	C:\WINDOWS\SYSTEM32\NTASN1.dll
0x00007ffc72410000 - 0x00007ffc72417000 	C:\WINDOWS\system32\wshunix.dll
0x00007ffc84e40000 - 0x00007ffc84e4a000 	C:\Windows\System32\rasadhlp.dll
0x00007ffc87bc0000 - 0x00007ffc87c40000 	C:\WINDOWS\System32\fwpuclnt.dll
0x00007ffc805b0000 - 0x00007ffc805c7000 	C:\WINDOWS\system32\napinsp.dll
0x00007ffc6b070000 - 0x00007ffc6b08b000 	C:\WINDOWS\system32\pnrpnsp.dll
0x00007ffc863d0000 - 0x00007ffc863e5000 	C:\WINDOWS\system32\wshbth.dll
0x00007ffc89a90000 - 0x00007ffc89aad000 	C:\WINDOWS\system32\NLAapi.dll
0x00007ffc6b050000 - 0x00007ffc6b062000 	C:\WINDOWS\System32\winrnr.dll

dbghelp: loaded successfully - version: 4.0.5 - missing functions: none
symbol engine: initialized successfully - sym options: 0x614 - pdb path: .;C:\Program Files\OpenLogic\jdk-17.0.9.9-hotspot\bin;C:\WINDOWS\SYSTEM32;C:\WINDOWS\WinSxS\amd64_microsoft.windows.common-controls_6595b64144ccf1df_6.0.19041.4355_none_60b8b9eb71f62e16;C:\Program Files\OpenLogic\jdk-17.0.9.9-hotspot\bin\server;C:\Users\DELL\.gradle\native\68d5fa5c4cc2d200863cafc0d521ce42e7d3e7ee720ec0a83991735586a16f82\windows-amd64;C:\Users\DELL\.gradle\native\e376f236ea51e6404a007f0833ffe2c6e607c4080706a723a18a27aeea778392\windows-amd64

VM Arguments:
jvm_args: -XX:MaxMetaspaceSize=512m --add-opens=java.base/java.util=ALL-UNNAMED --add-opens=java.base/java.lang=ALL-UNNAMED --add-opens=java.base/java.lang.invoke=ALL-UNNAMED --add-opens=java.prefs/java.util.prefs=ALL-UNNAMED --add-opens=java.base/java.nio.charset=ALL-UNNAMED --add-opens=java.base/java.net=ALL-UNNAMED --add-opens=java.base/java.util.concurrent.atomic=ALL-UNNAMED -Xmx2048m -Dfile.encoding=windows-1252 -Duser.country=US -Duser.language=en -Duser.variant -javaagent:C:\Users\DELL\.gradle\wrapper\dists\gradle-8.3-all\6en3ugtfdg5xnpx44z4qbwgas\gradle-8.3\lib\agents\gradle-instrumentation-agent-8.3.jar 
java_command: org.gradle.launcher.daemon.bootstrap.GradleDaemon 8.3
java_class_path (initial): C:\Users\DELL\.gradle\wrapper\dists\gradle-8.3-all\6en3ugtfdg5xnpx44z4qbwgas\gradle-8.3\lib\gradle-launcher-8.3.jar
Launcher Type: SUN_STANDARD

[Global flags]
     intx CICompilerCount                          = 3                                         {product} {ergonomic}
   size_t CompressedClassSpaceSize                 = 436207616                                 {product} {ergonomic}
     uint ConcGCThreads                            = 1                                         {product} {ergonomic}
     uint G1ConcRefinementThreads                  = 4                                         {product} {ergonomic}
   size_t G1HeapRegionSize                         = 1048576                                   {product} {ergonomic}
    uintx GCDrainStackTargetSize                   = 64                                        {product} {ergonomic}
   size_t InitialHeapSize                          = 100663296                                 {product} {ergonomic}
   size_t MarkStackSize                            = 4194304                                   {product} {ergonomic}
   size_t MaxHeapSize                              = 2147483648                                {product} {command line}
   size_t MaxMetaspaceSize                         = 536870912                                 {product} {command line}
   size_t MaxNewSize                               = 1287651328                                {product} {ergonomic}
   size_t MinHeapDeltaBytes                        = 1048576                                   {product} {ergonomic}
   size_t MinHeapSize                              = 8388608                                   {product} {ergonomic}
    uintx NonNMethodCodeHeapSize                   = 5832780                                {pd product} {ergonomic}
    uintx NonProfiledCodeHeapSize                  = 122912730                              {pd product} {ergonomic}
    uintx ProfiledCodeHeapSize                     = 122912730                              {pd product} {ergonomic}
    uintx ReservedCodeCacheSize                    = 251658240                              {pd product} {ergonomic}
     bool SegmentedCodeCache                       = true                                      {product} {ergonomic}
   size_t SoftMaxHeapSize                          = 2147483648                             {manageable} {ergonomic}
     bool UseCompressedClassPointers               = true                           {product lp64_product} {ergonomic}
     bool UseCompressedOops                        = true                           {product lp64_product} {ergonomic}
     bool UseG1GC                                  = true                                      {product} {ergonomic}
     bool UseLargePagesIndividualAllocation        = false                                  {pd product} {ergonomic}

Logging:
Log output configuration:
 #0: stdout all=warning uptime,level,tags
 #1: stderr all=off uptime,level,tags

Environment Variables:
JAVA_HOME=C:\Program Files\OpenLogic\jdk-17.0.9.9-hotspot
CLASSPATH=C:\Users\DELL\Desktop\New folder (6)\AwesomeProject\android\\gradle\wrapper\gradle-wrapper.jar
PATH=C:\Users\DELL\Desktop\New folder (6)\AwesomeProject\node_modules\.bin;C:\Users\DELL\Desktop\New folder (6)\node_modules\.bin;C:\Users\DELL\Desktop\node_modules\.bin;C:\Users\DELL\node_modules\.bin;C:\Users\node_modules\.bin;C:\node_modules\.bin;C:\Users\DELL\AppData\Roaming\npm\node_modules\npm\node_modules\@npmcli\run-script\lib\node-gyp-bin;C:\Program Files\OpenLogic\jdk-17.0.9.9-hotspot\bin;C:\WINDOWS\system32;C:\WINDOWS;C:\WINDOWS\System32\Wbem;C:\WINDOWS\System32\WindowsPowerShell\v1.0\;C:\WINDOWS\System32\OpenSSH\;C:\MinGW\bin;C:\MinGW\bin;C:\Program Files\nodejs\;C:\Program Files\Git\cmd;C:\Users\DELL\AppData\Local\Android\Sdk\tools;C:\Users\DELL\AppData\Local\jdk-11.0.2\bin;C:\Users\DELL\AppData\Local\Microsoft\WindowsApps;C:\Users\DELL\AppData\Local\Programs\Microsoft VS Code\bin;C:\Users\DELL\AppData\Roaming\npm;C:\Users\DELL\AppData\Local\Android\Sdk\platform-tools;
USERNAME=DELL
LANG=en_US.UTF-8
OS=Windows_NT
PROCESSOR_IDENTIFIER=Intel64 Family 6 Model 42 Stepping 7, GenuineIntel
TMP=C:\Users\DELL\AppData\Local\Temp
TEMP=C:\Users\DELL\AppData\Local\Temp



Periodic native trim disabled


---------------  S Y S T E M  ---------------

OS:
 Windows 10 , 64 bit Build 19041 (10.0.19041.4597)
OS uptime: 8 days 21:58 hours
Hyper-V role detected

CPU: total 4 (initial active 4) (2 cores per cpu, 2 threads per core) family 6 model 42 stepping 7 microcode 0x2f, cx8, cmov, fxsr, ht, mmx, sse, sse2, sse3, ssse3, sse4.1, sse4.2, popcnt, tsc, tscinvbit, avx, clmul, vzeroupper, clflush, hv
Processor Information for all 4 processors :
  Max Mhz: 2300, Current Mhz: 2300, Mhz Limit: 2300

Memory: 4k page, system-wide physical 6052M (537M free)
TotalPageFile size 12987M (AvailPageFile size 3821M)
current process WorkingSet (physical memory assigned to process): 501M, peak: 504M
current process commit charge ("private bytes"): 531M, peak: 534M

vm_info: OpenJDK 64-Bit Server VM (17.0.9+9-adhoc..jdk17u) for windows-amd64 JRE (17.0.9+9-adhoc..jdk17u), built on Oct 18 2023 11:34:43 by "" with MS VC++ 16.10 / 16.11 (VS2019)

END.
